05:41:087ms |Info| TVSender.Code.Port1Initialize |-> Port1Initialize()   | Form1.LoadOptionsFromINI => Form1.NewPortsInitialize => Code.Port1Initialize
05:42:314ms |Debug| TVSender.Form1.AddCreatedOperation |-> key = checks   | Form1.<FillUserOperations>b__33_0 => Form1.FilesForUserCreation => Form1.AddCreatedOperation
05:43:128ms |Debug| TVSender.Form1.AddCreatedOperation |-> key = CI   | Form1.FilesForUserCreation => Form1.FilesForUserCreation => Form1.AddCreatedOperation
05:43:226ms |Debug| TVSender.Form1.AddCreatedOperation |-> key = keyson   | Form1.FilesForUserCreation => Form1.FilesForUserCreation => Form1.AddCreatedOperation
05:43:299ms |Debug| TVSender.Form1.AddCreatedOperation |-> key = keysoff   | Form1.FilesForUserCreation => Form1.FilesForUserCreation => Form1.AddCreatedOperation
05:43:533ms |Debug| TVSender.Form1.AddCreatedOperation |-> key = ledon   | Form1.FilesForUserCreation => Form1.FilesForUserCreation => Form1.AddCreatedOperation
05:43:597ms |Debug| TVSender.Form1.AddCreatedOperation |-> key = ledoff   | Form1.FilesForUserCreation => Form1.FilesForUserCreation => Form1.AddCreatedOperation
05:43:669ms |Debug| TVSender.Form1.AddCreatedOperation |-> key = sw   | Form1.FilesForUserCreation => Form1.FilesForUserCreation => Form1.AddCreatedOperation
05:43:857ms |Debug| TVSender.Form1.AddCreatedOperation |-> key = checks   | Form1.FilesForUserCreation => Form1.FilesForUserCreation => Form1.AddCreatedOperation
05:43:993ms |Debug| TVSender.Form1.AddCreatedOperation |-> key = atv   | Form1.FilesForUserCreation => Form1.FilesForUserCreation => Form1.AddCreatedOperation
05:44:043ms |Debug| TVSender.Form1.AddCreatedOperation |-> key = dtv   | Form1.FilesForUserCreation => Form1.FilesForUserCreation => Form1.AddCreatedOperation
05:44:127ms |Debug| TVSender.Form1.AddCreatedOperation |-> key = dvbc   | Form1.FilesForUserCreation => Form1.FilesForUserCreation => Form1.AddCreatedOperation
05:44:295ms |Debug| TVSender.Form1.AddCreatedOperation |-> key = dvbt   | Form1.FilesForUserCreation => Form1.FilesForUserCreation => Form1.AddCreatedOperation
05:44:505ms |Debug| TVSender.Form1.AddCreatedOperation |-> key = checks   | Form1.FilesForUserCreation => Form1.FilesForUserCreation => Form1.AddCreatedOperation
05:46:944ms |Info| TVSender.Code.Port1Initialize |-> Port1Initialize()   | Form1.Form1_Shown => Form1.OpenPorts => Code.Port1Initialize
05:47:489ms |Debug| TVSender.Form1.Form1_Shown |-> autostart = True   | Form.CallShownEvent => Form.OnShown => Form1.Form1_Shown
05:51:192ms |Debug| TVSender.Form1.ClosePort |-> try Close(): port & genr   | OptionsForm1.buttonOk_Click => OptionsForm1.CloseAndSave => Form1.ClosePort
05:51:265ms |Debug| TVSender.Form1.ClosePort |-> Closed() port & genr success   | OptionsForm1.buttonOk_Click => OptionsForm1.CloseAndSave => Form1.ClosePort
05:51:500ms |Info| TVSender.Code.Port1Initialize |-> Port1Initialize()   | OptionsForm1.CloseAndSave => Form1.OpenPorts => Code.Port1Initialize
05:51:863ms |Debug| TVSender.OptionsForm1.CloseAndSave |-> autostart = True   | Control.OnClick => OptionsForm1.buttonOk_Click => OptionsForm1.CloseAndSave
10:37:778ms |Info| TVSender.Code.WriteRestart |-> Ошибка=Превышен таймаут семафора.
   | TestFactory.Port1_Txt => Code.write => Code.WriteRestart
10:39:173ms |Error| TVSender.Code.WriteRestart |-> Access Error.
Need Admin rights.   | TestFactory.Port1_Txt => Code.write => Code.WriteRestart
17:22:724ms |Debug| TVSender.Form1.ClosePort |-> try Close(): port & genr   | OptionsForm1.buttonOk_Click => OptionsForm1.CloseAndSave => Form1.ClosePort
17:22:764ms |Debug| TVSender.Form1.ClosePort |-> Closed() port & genr success   | OptionsForm1.buttonOk_Click => OptionsForm1.CloseAndSave => Form1.ClosePort
17:22:999ms |Debug| TVSender.OptionsForm1.CloseAndSave |-> autostart = False   | Control.OnClick => OptionsForm1.buttonOk_Click => OptionsForm1.CloseAndSave
18:52:157ms |Debug| TVSender.Form1.ClosePort |-> try Close(): port & genr   | Form1.listView1_MouseDoubleClick => Form1.SoloTest => Form1.ClosePort
18:52:195ms |Debug| TVSender.Form1.ClosePort |-> Closed() port & genr success   | Form1.listView1_MouseDoubleClick => Form1.SoloTest => Form1.ClosePort
18:58:029ms |Debug| TVSender.Form1.ClosePort |-> try Close(): port & genr   | Form1.listView1_MouseDoubleClick => Form1.SoloTest => Form1.ClosePort
18:58:055ms |Debug| TVSender.Form1.ClosePort |-> Closed() port & genr success   | Form1.listView1_MouseDoubleClick => Form1.SoloTest => Form1.ClosePort
18:59:768ms |Debug| TVSender.Form1.ClosePort |-> try Close(): port & genr   | Form1.listView1_MouseDoubleClick => Form1.SoloTest => Form1.ClosePort
18:59:805ms |Debug| TVSender.Form1.ClosePort |-> Closed() port & genr success   | Form1.listView1_MouseDoubleClick => Form1.SoloTest => Form1.ClosePort
19:01:313ms |Debug| TVSender.Form1.ClosePort |-> try Close(): port & genr   | Form1.listView1_MouseDoubleClick => Form1.SoloTest => Form1.ClosePort
19:01:351ms |Debug| TVSender.Form1.ClosePort |-> Closed() port & genr success   | Form1.listView1_MouseDoubleClick => Form1.SoloTest => Form1.ClosePort
19:03:037ms |Debug| TVSender.Form1.ClosePort |-> try Close(): port & genr   | Form1.listView1_MouseDoubleClick => Form1.SoloTest => Form1.ClosePort
19:03:090ms |Debug| TVSender.Form1.ClosePort |-> Closed() port & genr success   | Form1.listView1_MouseDoubleClick => Form1.SoloTest => Form1.ClosePort
19:04:614ms |Debug| TVSender.Form1.ClosePort |-> try Close(): port & genr   | Form1.listView1_MouseDoubleClick => Form1.SoloTest => Form1.ClosePort
19:04:651ms |Debug| TVSender.Form1.ClosePort |-> Closed() port & genr success   | Form1.listView1_MouseDoubleClick => Form1.SoloTest => Form1.ClosePort
19:06:088ms |Debug| TVSender.Form1.ClosePort |-> try Close(): port & genr   | Form1.listView1_MouseDoubleClick => Form1.SoloTest => Form1.ClosePort
19:06:120ms |Debug| TVSender.Form1.ClosePort |-> Closed() port & genr success   | Form1.listView1_MouseDoubleClick => Form1.SoloTest => Form1.ClosePort
20:23:617ms |Debug| TVSender.Form1.ClosePort |-> try Close(): port & genr   | Form.OnFormClosing => Form1.Form1_FormClosing => Form1.ClosePort
20:23:645ms |Debug| TVSender.Form1.ClosePort |-> Closed() port & genr success   | Form.OnFormClosing => Form1.Form1_FormClosing => Form1.ClosePort
