09:39:54:429 |Trace|thread 21|  |  START
09:39:55:116 |Debug|thread 21|  |  TempData: |0,128,128,128| SaveDataNumber=0|
09:39:55:116 |Debug|thread 21|  |  TempData: |1,128,128,128| SaveDataNumber=0|
09:39:55:116 |Debug|thread 21|  |  TempData: |2,128,128,128| SaveDataNumber=0|
09:39:55:132 |Debug|thread 21|  |  ReserveTempData: |0,128,128,128| ReservedSaveNumbers=0|
09:39:55:132 |Debug|thread 21|  |  ReserveTempData: |1,128,128,128| ReservedSaveNumbers=0|
09:39:55:132 |Debug|thread 21|  |  ReserveTempData: |2,128,128,128| ReservedSaveNumbers=0|
09:39:55:132 |Trace|thread 21|  |  ColorTemp default=
0,128,128,128
1,128,128,128
2,128,128,128

09:39:55:148 |Trace|thread 21|  |  StartDataFile -> uColorTemp_StartStepSum=
0,0,0,0,0
1,0,0,0,0
2,0,0,0,0
3,128
09:39:55:241 |Debug|thread 21|  |  START panasonic TX-32DR300ZZ; sn=;
09:39:56:835 |Trace|thread 21|  |  case=1; Timer.Interval=75;
09:39:56:835 |Trace|thread 21|  |  Write TV => 16 1 0 0
09:39:56:898 |Trace|thread 16|  |  Read byte <= 172 4 0 79
09:39:56:898 |Trace|thread 16|  |  Read hex <= ac04004f
09:39:56:929 |Trace|thread 21|  |  case=2; Timer.Interval=80;
09:39:56:929 |Trace|thread 21|  |  Write TV => 11 0 0 0
09:39:57:007 |Trace|thread 16|  |  Read byte <= 172 12 139 131 122 149 141 122 147 132 109 159
09:39:57:007 |Trace|thread 16|  |  Read hex <= ac0c8b837a958d7a93846d9f
09:39:57:007 |Trace|thread 16|  |  TV -> ColorTemp -> TempDataFile:
0,139,131,122
1,149,141,122
2,147,132,109

09:39:57:023 |Trace|thread 21|  |  case=3; Timer.Interval=80;
09:39:57:117 |Trace|thread 21|  |  case=7; Timer.Interval=80;
09:39:57:117 |Debug|thread 21|  |  set TV = COOL
09:39:57:117 |Trace|thread 21|  |  Write TV => 1 0 0 0
09:39:57:179 |Trace|thread 16|  |  Read byte <= 172 4 0 79
09:39:57:179 |Trace|thread 16|  |  Read hex <= ac04004f
09:39:57:210 |Trace|thread 21|  |  case=8; Timer.Interval=80;
09:39:57:523 |Trace|thread 21|  |  Measure=288, 316,7; Lv=203,5;
09:39:57:523 |Debug|thread 21|  |  before=2880,3167,203,5
09:39:57:523 |Debug|thread 21|  |  set TV = NORMAL
09:39:57:523 |Trace|thread 21|  |  Write TV => 1 1 0 0
09:39:57:523 |Trace|thread 21|  |  case=9; Timer.Interval=80;
09:39:57:570 |Trace|thread 17|  |  Read byte <= 172 4 0 79
09:39:57:570 |Trace|thread 17|  |  Read hex <= ac04004f
09:39:57:851 |Trace|thread 21|  |  Measure=275,5, 306,8; Lv=276,3;
09:39:57:851 |Debug|thread 21|  |  before=2755,3068,276,3
09:39:57:851 |Debug|thread 21|  |  set TV = WARM
09:39:57:851 |Trace|thread 21|  |  Write TV => 1 2 0 0
09:39:57:851 |Trace|thread 21|  |  case=10; Timer.Interval=80;
09:39:57:898 |Trace|thread 16|  |  Read byte <= 172 4 0 79
09:39:57:898 |Trace|thread 16|  |  Read hex <= ac04004f
09:39:58:179 |Trace|thread 21|  |  Measure=291,1, 324; Lv=242;
09:39:58:179 |Debug|thread 21|  |  before=2911,3240,242
09:39:58:179 |Debug|thread 21|  |  set TV = NORMAL
09:39:58:179 |Trace|thread 21|  |  Write TV => 1 1 0 0
09:39:58:179 |Trace|thread 21|  |  case=5; Timer.Interval=80;
09:39:58:226 |Trace|thread 16|  |  Read byte <= 172 4 0 79
09:39:58:226 |Trace|thread 16|  |  Read hex <= ac04004f
09:39:58:257 |Trace|thread 21|  |  case=11; Timer.Interval=65;
09:39:58:570 |Trace|thread 21|  |  Measure=291,6, 326; Lv=240;
09:39:58:757 |Trace|thread 16|  |  Read byte <= 103 95 97 115 116 86 105 100 101 111 91 54 93 32 99 104 97 110 103 101 100 13 10
09:39:58:757 |Trace|thread 16|  |  Read hex <= 675f617374566964656f5b365d206368616e6765640d0a
09:39:58:773 |Trace|thread 21|  |  set TV RGB: 128, 128, 128
09:39:58:773 |Trace|thread 21|  |  Write TV => 12 128 128 128
09:39:58:773 |Trace|thread 21|  |  case=12; Timer.Interval=65;
09:39:58:804 |Trace|thread 21|  |  case=12; Timer.Interval=65;
09:39:58:867 |Trace|thread 17|  |  Read byte <= 32 62 62 32 87 114 105 116 101 32 102 108 97 115 104 32 100 111 110 101 126 32 61 62 32 85 110 105 116 73 100 120 61 50 44 32 119 116 61 56 57 57 44 32 117 115 101 32 54 48 109 115 13 10 172 4 0 79
09:39:58:867 |Trace|thread 17|  |  Read hex <= 203e3e20577269746520666c61736820646f6e657e203d3e20556e69744964783d322c2077743d3839392c207573652036306d730d0aac04004f
09:39:58:882 |Trace|thread 21|  |  case=12; Timer.Interval=65;
09:39:58:960 |Trace|thread 21|  |  case=12; Timer.Interval=65;
09:39:59:039 |Trace|thread 21|  |  case=12; Timer.Interval=65;
09:39:59:117 |Trace|thread 21|  |  case=12; Timer.Interval=65;
09:39:59:195 |Trace|thread 21|  |  case=12; Timer.Interval=65;
09:39:59:273 |Trace|thread 21|  |  case=12; Timer.Interval=65;
09:39:59:351 |Trace|thread 21|  |  case=12; Timer.Interval=65;
09:39:59:429 |Trace|thread 21|  |  case=12; Timer.Interval=65;
09:39:59:507 |Trace|thread 21|  |  case=12; Timer.Interval=65;
09:39:59:586 |Trace|thread 21|  |  case=12; Timer.Interval=65;
09:39:59:664 |Trace|thread 21|  |  case=12; Timer.Interval=65;
09:39:59:742 |Trace|thread 21|  |  case=12; Timer.Interval=65;
09:39:59:820 |Trace|thread 21|  |  case=12; Timer.Interval=65;
09:39:59:898 |Trace|thread 21|  |  case=12; Timer.Interval=65;
09:39:59:898 |Trace|thread 21|  |  set TV RGB: 128, 128, 128
09:39:59:898 |Trace|thread 21|  |  Write TV => 12 128 128 128
09:39:59:961 |Trace|thread 16|  |  Read byte <= 172 4 0 79
09:39:59:961 |Trace|thread 16|  |  Read hex <= ac04004f
09:39:59:976 |Trace|thread 21|  |  case=12; Timer.Interval=65;
09:40:00:289 |Trace|thread 21|  |  Measure=271,4, 295,1; Lv=190,5;
09:40:00:289 |Trace|thread 21|  |  set TV RGB: 136, 136, 136
09:40:00:289 |Trace|thread 21|  |  Write TV => 12 136 136 136
09:40:00:289 |Trace|thread 21|  |  case=13; Timer.Interval=65;
09:40:00:351 |Trace|thread 17|  |  Read byte <= 172 4 0 79
09:40:00:351 |Trace|thread 17|  |  Read hex <= ac04004f
09:40:00:367 |Trace|thread 21|  |  case=13; Timer.Interval=65;
09:40:00:679 |Trace|thread 21|  |  Measure=271,4, 296,1; Lv=200;
09:40:00:679 |Trace|thread 21|  |  set TV RGB: 144, 144, 144
09:40:00:679 |Trace|thread 21|  |  Write TV => 12 144 144 144
09:40:00:679 |Trace|thread 21|  |  case=13; Timer.Interval=65;
09:40:00:726 |Trace|thread 17|  |  Read byte <= 172 4 0 79
09:40:00:726 |Trace|thread 17|  |  Read hex <= ac04004f
09:40:00:757 |Trace|thread 21|  |  case=13; Timer.Interval=65;
09:40:00:773 |Trace|thread 6|  |  Read byte <= 103 95 97 115 116 87 104 105 116 101 66 97 108 97 110 99 101 32 99 104 97 110 103 101 100 33 13 10 71 95 70 65 67 84 79 82 89 95 83 69 84 84 73 78 71 32 99 104 97 110 103 101 100 33 13 10
09:40:00:773 |Trace|thread 6|  |  Read hex <= 675f617374576869746542616c616e6365206368616e676564210d0a475f464143544f52595f53455454494e47206368616e676564210d0a
09:40:00:898 |Trace|thread 6|  |  Read byte <= 32 62 62 32 87 114 105 116 101 32 102 108 97 115 104 32 100 111 110 101 126 32 61 62 32 85 110 105 116 73 100 120 61 51 44 32 119 116 61 57 48 48 44 32 117 115 101 32 54 48 109 115 13 10
09:40:00:898 |Trace|thread 6|  |  Read hex <= 203e3e20577269746520666c61736820646f6e657e203d3e20556e69744964783d332c2077743d3930302c207573652036306d730d0a
09:40:01:070 |Trace|thread 21|  |  Measure=273, 301; Lv=252,9;
09:40:01:070 |Trace|thread 21|  |  set TV RGB: 152, 152, 152
09:40:01:070 |Trace|thread 21|  |  Write TV => 12 152 152 152
09:40:01:070 |Trace|thread 21|  |  case=13; Timer.Interval=65;
09:40:01:117 |Trace|thread 17|  |  Read byte <= 172 4 0 79
09:40:01:117 |Trace|thread 17|  |  Read hex <= ac04004f
09:40:01:148 |Trace|thread 21|  |  case=13; Timer.Interval=65;
09:40:01:461 |Trace|thread 21|  |  Measure=275,1, 306,1; Lv=282;
09:40:01:461 |Trace|thread 21|  |  set TV RGB: 160, 160, 160
09:40:01:461 |Trace|thread 21|  |  Write TV => 12 160 160 160
09:40:01:461 |Trace|thread 21|  |  case=13; Timer.Interval=65;
09:40:01:508 |Trace|thread 17|  |  Read byte <= 172 4 0 79
09:40:01:508 |Trace|thread 17|  |  Read hex <= ac04004f
09:40:01:539 |Trace|thread 21|  |  case=13; Timer.Interval=65;
09:40:01:851 |Trace|thread 21|  |  Measure=275,1, 306,1; Lv=282,1;
09:40:01:851 |Trace|thread 21|  |  set TV RGB: 144, 144, 144
09:40:01:851 |Trace|thread 21|  |  Write TV => 12 144 144 144
09:40:01:851 |Trace|thread 21|  |  case=13; Timer.Interval=65;
09:40:01:914 |Trace|thread 17|  |  Read byte <= 172 4 0 79
09:40:01:914 |Trace|thread 17|  |  Read hex <= ac04004f
09:40:01:929 |Trace|thread 21|  |  case=13; Timer.Interval=65;
09:40:02:242 |Trace|thread 21|  |  Measure=273,3, 301,4; Lv=256,6;
09:40:02:242 |Trace|thread 21|  |  set TV RGB: 148, 148, 148
09:40:02:242 |Trace|thread 21|  |  Write TV => 12 148 148 148
09:40:02:242 |Trace|thread 21|  |  case=13; Timer.Interval=65;
09:40:02:289 |Trace|thread 17|  |  Read byte <= 172 4 0 79
09:40:02:289 |Trace|thread 17|  |  Read hex <= ac04004f
09:40:02:320 |Trace|thread 21|  |  case=13; Timer.Interval=65;
09:40:02:633 |Trace|thread 21|  |  Measure=273,7, 303,7; Lv=270,4;
09:40:02:633 |Trace|thread 21|  |  set TV RGB: 152, 152, 152
09:40:02:633 |Trace|thread 21|  |  Write TV => 12 152 152 152
09:40:02:633 |Trace|thread 21|  |  case=13; Timer.Interval=65;
09:40:02:679 |Trace|thread 6|  |  Read byte <= 172 4 0 79
09:40:02:679 |Trace|thread 6|  |  Read hex <= ac04004f
09:40:02:711 |Trace|thread 21|  |  case=13; Timer.Interval=65;
09:40:02:789 |Trace|thread 6|  |  Read byte <= 103 95 97 115 116 87 104 105 116 101 66 97 108 97 110 99 101 32 99 104 97 110 103 101 100 33 13 10 71 95 70 65 67 84 79 82 89 95 83 69 84 84 73 78 71 32 99 104 97 110 103 101 100 33 13 10
09:40:02:789 |Trace|thread 6|  |  Read hex <= 675f617374576869746542616c616e6365206368616e676564210d0a475f464143544f52595f53455454494e47206368616e676564210d0a
09:40:02:898 |Trace|thread 13|  |  Read byte <= 32 62 62 32 87 114 105 116 101 32 102 108 97 115 104 32 100 111 110 101 126 32 61 62 32 85 110 105 116 73 100 120 61 52 44 32 119 116 61 57 48 49 44 32 117 115 101 32 54 48 109 115 13 10
09:40:02:898 |Trace|thread 13|  |  Read hex <= 203e3e20577269746520666c61736820646f6e657e203d3e20556e69744964783d342c2077743d3930312c207573652036306d730d0a
09:40:03:023 |Trace|thread 21|  |  Measure=275, 306; Lv=282;
09:40:03:023 |Trace|thread 21|  |  set TV RGB: 156, 156, 156
09:40:03:023 |Trace|thread 21|  |  Write TV => 12 156 156 156
09:40:03:023 |Trace|thread 21|  |  case=13; Timer.Interval=65;
09:40:03:086 |Trace|thread 13|  |  Read byte <= 172 4 0 79
09:40:03:086 |Trace|thread 13|  |  Read hex <= ac04004f
09:40:03:101 |Trace|thread 21|  |  case=13; Timer.Interval=65;
09:40:03:414 |Trace|thread 21|  |  Measure=275,1, 306,1; Lv=282,1;
09:40:03:414 |Trace|thread 21|  |  set TV RGB: 148, 148, 148
09:40:03:414 |Trace|thread 21|  |  Write TV => 12 148 148 148
09:40:03:414 |Trace|thread 21|  |  case=13; Timer.Interval=65;
09:40:03:492 |Trace|thread 21|  |  case=13; Timer.Interval=65;
09:40:03:492 |Trace|thread 16|  |  Read byte <= 172 4 0 79
09:40:03:492 |Trace|thread 16|  |  Read hex <= ac04004f
09:40:03:570 |Trace|thread 21|  |  case=13; Timer.Interval=65;
09:40:03:883 |Trace|thread 21|  |  Measure=274,3, 305; Lv=279,6;
09:40:03:883 |Trace|thread 21|  |  set TV RGB: 150, 150, 150
09:40:03:883 |Trace|thread 21|  |  Write TV => 12 150 150 150
09:40:03:883 |Trace|thread 21|  |  case=13; Timer.Interval=65;
09:40:03:930 |Trace|thread 14|  |  Read byte <= 172 4 0 79
09:40:03:930 |Trace|thread 14|  |  Read hex <= ac04004f
09:40:03:961 |Trace|thread 21|  |  case=13; Timer.Interval=65;
09:40:04:273 |Trace|thread 21|  |  Measure=274,9, 305,9; Lv=281,6;
09:40:04:273 |Trace|thread 21|  |  set TV RGB: 152, 152, 152
09:40:04:273 |Trace|thread 21|  |  Write TV => 12 152 152 152
09:40:04:273 |Trace|thread 21|  |  case=13; Timer.Interval=65;
09:40:04:320 |Trace|thread 6|  |  Read byte <= 172 4 0 79
09:40:04:320 |Trace|thread 6|  |  Read hex <= ac04004f
09:40:04:351 |Trace|thread 21|  |  case=13; Timer.Interval=65;
09:40:04:664 |Trace|thread 21|  |  Measure=275,1, 306,1; Lv=282,1;
09:40:04:742 |Trace|thread 21|  |  case=14; Timer.Interval=75;
09:40:04:852 |Trace|thread 21|  |  Write TV => 10 1 0 0
09:40:04:852 |Trace|thread 21|  |  case=15; Timer.Interval=75;
09:40:04:898 |Trace|thread 21|  |  case=15; Timer.Interval=75;
09:40:04:977 |Trace|thread 21|  |  case=15; Timer.Interval=75;
09:40:05:055 |Trace|thread 21|  |  case=15; Timer.Interval=75;
09:40:05:070 |Trace|thread 17|  |  Read byte <= 172 4 0 79
09:40:05:070 |Trace|thread 17|  |  Read hex <= ac04004f
09:40:05:133 |Trace|thread 21|  |  case=15; Timer.Interval=75;
09:40:05:758 |Trace|thread 21|  |  Measure=275,1, 306,1; Lv=282,1;
09:40:05:758 |Trace|thread 21|  |  Max Lv=282,1
09:40:05:758 |Trace|thread 21|  |  Write TV => 10 0 0 0
09:40:05:773 |Trace|thread 21|  |  case=25; Timer.Interval=75;
09:40:05:836 |Trace|thread 21|  |  case=25; Timer.Interval=75;
09:40:05:914 |Trace|thread 21|  |  case=25; Timer.Interval=75;
09:40:05:992 |Trace|thread 21|  |  case=25; Timer.Interval=75;
09:40:06:070 |Trace|thread 21|  |  case=25; Timer.Interval=75;
09:40:06:148 |Trace|thread 21|  |  case=25; Timer.Interval=75;
09:40:06:164 |Trace|thread 6|  |  Read byte <= 172 4 0 79
09:40:06:164 |Trace|thread 6|  |  Read hex <= ac04004f
09:40:06:227 |Trace|thread 21|  |  case=25; Timer.Interval=75;
09:40:06:305 |Trace|thread 21|  |  case=26; Timer.Interval=65;
09:40:06:305 |Debug|thread 21|  |  set TV = COOL
09:40:06:305 |Trace|thread 21|  |  Write TV => 1 0 0 0
09:40:06:367 |Trace|thread 16|  |  Read byte <= 172 4 0 79
09:40:06:367 |Trace|thread 16|  |  Read hex <= ac04004f
09:40:06:383 |Trace|thread 21|  |  case=27; Timer.Interval=65;
09:40:06:383 |Trace|thread 21|  |  set TV RGB: 139, 131, 122
09:40:06:383 |Trace|thread 21|  |  Write TV => 12 139 131 122
09:40:06:430 |Trace|thread 16|  |  Read byte <= 172 4 0 79
09:40:06:430 |Trace|thread 16|  |  Read hex <= ac04004f
09:40:06:461 |Trace|thread 21|  |  case=30; Timer.Interval=65;
09:40:06:774 |Trace|thread 21|  |  Measure=287,8, 316,6; Lv=203,7;
09:40:06:774 |Trace|thread 21|  |  case=98; Timer.Interval=65;
09:40:06:774 |Debug|thread 21|  |  final cool=2878,3166,203,7
09:40:06:774 |Info|thread 21| TVSender.WhiteBalanceChroma.OnTimerEvent |  uColorTemp_StartStepSum[0,0]=1
09:40:06:852 |Trace|thread 21|  |  case=26; Timer.Interval=65;
09:40:06:852 |Debug|thread 21|  |  set TV = NORMAL
09:40:06:852 |Trace|thread 21|  |  Write TV => 1 1 0 0
09:40:06:914 |Trace|thread 6|  |  Read byte <= 172 4 0 79
09:40:06:914 |Trace|thread 6|  |  Read hex <= ac04004f
09:40:06:930 |Trace|thread 21|  |  case=27; Timer.Interval=65;
09:40:06:930 |Trace|thread 21|  |  set TV RGB: 149, 141, 122
09:40:06:930 |Trace|thread 21|  |  Write TV => 12 149 141 122
09:40:06:992 |Trace|thread 6|  |  Read byte <= 172 4 0 79 103 95 97 115 116 87 104 105 116 101 66 97 108 97 110 99 101 32 99 104 97 110 103 101 100 33 13 10 71 95 70 65 67 84 79 82 89 95 83 69 84 84 73 78 71 32 99 104 97 110 103 101 100 33 13 10
09:40:06:992 |Trace|thread 6|  |  Read hex <= ac04004f675f617374576869746542616c616e6365206368616e676564210d0a475f464143544f52595f53455454494e47206368616e676564210d0a
09:40:07:008 |Trace|thread 21|  |  case=30; Timer.Interval=65;
09:40:07:086 |Trace|thread 21|  |  case=30; Timer.Interval=65;
09:40:07:086 |Trace|thread 6|  |  Read byte <= 32 62 62 32 87 114 105 116 101 32 102 108 97 115 104 32 100 111 110 101 126 32 61 62 32 85 110 105 116 73 100 120 61 53 44 32 119 116 61 57 48 50 44 32 117 115 101 32 54 48 109 115 13 10
09:40:07:086 |Trace|thread 6|  |  Read hex <= 203e3e20577269746520666c61736820646f6e657e203d3e20556e69744964783d352c2077743d3930322c207573652036306d730d0a
09:40:07:164 |Trace|thread 21|  |  case=30; Timer.Interval=65;
09:40:07:242 |Trace|thread 21|  |  case=30; Timer.Interval=65;
09:40:07:320 |Trace|thread 21|  |  case=30; Timer.Interval=65;
09:40:07:399 |Trace|thread 21|  |  case=30; Timer.Interval=65;
09:40:07:477 |Trace|thread 21|  |  case=30; Timer.Interval=65;
09:40:07:555 |Trace|thread 21|  |  case=30; Timer.Interval=65;
09:40:07:633 |Trace|thread 21|  |  case=30; Timer.Interval=65;
09:40:07:711 |Trace|thread 21|  |  case=30; Timer.Interval=65;
09:40:07:789 |Trace|thread 21|  |  case=30; Timer.Interval=65;
09:40:07:867 |Trace|thread 21|  |  case=30; Timer.Interval=65;
09:40:07:945 |Trace|thread 21|  |  case=30; Timer.Interval=65;
09:40:08:024 |Trace|thread 21|  |  case=30; Timer.Interval=65;
09:40:08:102 |Trace|thread 21|  |  case=30; Timer.Interval=65;
09:40:08:180 |Trace|thread 21|  |  case=30; Timer.Interval=65;
09:40:08:180 |Trace|thread 21|  |  set TV RGB: 149, 141, 122
09:40:08:180 |Trace|thread 21|  |  Write TV => 12 149 141 122
09:40:08:227 |Trace|thread 6|  |  Read byte <= 172 4 0 79
09:40:08:227 |Trace|thread 6|  |  Read hex <= ac04004f
09:40:08:258 |Trace|thread 21|  |  case=30; Timer.Interval=65;
09:40:08:571 |Trace|thread 21|  |  Measure=298,5, 338,5; Lv=241,8;
09:40:08:571 |Trace|thread 21|  |  case=98; Timer.Interval=65;
09:40:08:571 |Debug|thread 21|  |  final normal=2985,3385,241,8
09:40:08:571 |Info|thread 21| TVSender.WhiteBalanceChroma.OnTimerEvent |  uColorTemp_StartStepSum[1,0]=1
09:40:08:649 |Trace|thread 21|  |  case=26; Timer.Interval=65;
09:40:08:649 |Debug|thread 21|  |  set TV = WARM
09:40:08:649 |Trace|thread 21|  |  Write TV => 1 2 0 0
09:40:08:727 |Trace|thread 21|  |  case=27; Timer.Interval=65;
09:40:08:758 |Trace|thread 14|  |  Read byte <= 172 4 0 79
09:40:08:758 |Trace|thread 14|  |  Read hex <= ac04004f
09:40:08:805 |Trace|thread 21|  |  case=27; Timer.Interval=65;
09:40:08:805 |Trace|thread 21|  |  set TV RGB: 147, 132, 109
09:40:08:805 |Trace|thread 21|  |  Write TV => 12 147 132 109
09:40:08:852 |Trace|thread 14|  |  Read byte <= 172 4 0 79
09:40:08:852 |Trace|thread 14|  |  Read hex <= ac04004f
09:40:08:883 |Trace|thread 21|  |  case=30; Timer.Interval=65;
09:40:09:008 |Trace|thread 6|  |  Read byte <= 103 95 97 115 116 86 105 100 101 111 91 54 93 32 99 104 97 110 103 101 100 13 10
09:40:09:008 |Trace|thread 6|  |  Read hex <= 675f617374566964656f5b365d206368616e6765640d0a
09:40:09:133 |Trace|thread 14|  |  Read byte <= 32 62 62 32 87 114 105 116 101 32 102 108 97 115 104 32 100 111 110 101 126 32 61 62 32 85 110 105 116 73 100 120 61 54 44 32 119 116 61 57 48 51 44 32 117 115 101 32 54 48 109 115 13 10
09:40:09:133 |Trace|thread 14|  |  Read hex <= 203e3e20577269746520666c61736820646f6e657e203d3e20556e69744964783d362c2077743d3930332c207573652036306d730d0a
09:40:09:196 |Trace|thread 21|  |  Measure=310,8, 347,4; Lv=209;
09:40:09:196 |Trace|thread 21|  |  case=98; Timer.Interval=65;
09:40:09:321 |Debug|thread 21|  |  final warm=3108,3474,209
09:40:09:321 |Info|thread 21| TVSender.WhiteBalanceChroma.OnTimerEvent |  uColorTemp_StartStepSum[2,0]=1
09:40:09:336 |Trace|thread 21|  |  case=99; Timer.Interval=65;
09:40:09:336 |Trace|thread 21|  |  Write TV => 8 0 0 0
09:40:09:414 |Trace|thread 6|  |  Read byte <= 172 4 0 79
09:40:09:414 |Trace|thread 6|  |  Read hex <= ac04004f
09:40:09:446 |Trace|thread 21|  |  case=100; Timer.Interval=100;
09:40:09:524 |Trace|thread 14|  |  Read byte <= 32 62 62 32 87 114 105 116 101 32 102 108 97 115 104 32 100 111 110 101 126 32 61 62 32 85 110 105 116 73 100 120 61 55 44 32 119 116 61 57 48 52 44 32 117 115 101 32 54 48 109 115 13 10
09:40:09:524 |Trace|thread 14|  |  Read hex <= 203e3e20577269746520666c61736820646f6e657e203d3e20556e69744964783d372c2077743d3930342c207573652036306d730d0a
09:40:09:555 |Trace|thread 21|  |  case=110; Timer.Interval=100;
09:40:09:664 |Trace|thread 21|  |  case=111; Timer.Interval=100;
09:40:09:664 |Trace|thread 21|  |  Write uColorTempAdj_Data (overwrite=False) temp_data.txt: 
0,139,131,122
1,149,141,122
2,147,132,109

09:40:09:664 |Trace|thread 21|  |  Write uColorTemp_StartStepSum
0,1,0,0,0
1,1,0,0,0
2,1,0,0,0
3,170
09:40:09:742 |Trace|thread 21|  |  case=118; Timer.Interval=65;
09:40:09:742 |Debug|thread 21|  |  set TV = NORMAL
09:40:09:742 |Trace|thread 21|  |  Write TV => 1 1 0 0
09:40:09:789 |Trace|thread 14|  |  Read byte <= 172 4 0 79
09:40:09:789 |Trace|thread 14|  |  Read hex <= ac04004f
09:40:09:821 |Trace|thread 21|  |  case=119; Timer.Interval=65;
09:40:10:133 |Trace|thread 21|  |  Measure=298,7, 338,7; Lv=241,1;
09:40:10:133 |Trace|thread 21|  |  case=120; Timer.Interval=65;
09:40:10:133 |Trace|thread 21|  |  Write TV => 16 0 0 0
09:40:10:180 |Trace|thread 6|  |  Read byte <= 172 4 0 79
09:40:10:180 |Trace|thread 6|  |  Read hex <= ac04004f
09:40:10:211 |Trace|thread 21|  |  case=121; Timer.Interval=65;
09:40:10:211 |Trace|thread 21|  |  Write uColorTempAdj_Data (overwrite=True) last_tempdata.txt: 
0,139,131,122
1,149,141,122
2,147,132,109

09:40:10:227 |Trace|thread 21|  |  uColorTempAdj_Data=: 
0,139,131,122
1,149,141,122
2,147,132,109

09:40:10:227 |Trace|thread 21|  |  END
09:40:34:729 |Trace|thread 26|  |  START
09:40:35:197 |Debug|thread 26|  |  TempData: |0,139,131,122| SaveDataNumber=0|
09:40:35:197 |Debug|thread 26|  |  TempData: |1,149,141,122| SaveDataNumber=0|
09:40:35:197 |Debug|thread 26|  |  TempData: |2,147,132,109| SaveDataNumber=0|
09:40:35:197 |Debug|thread 26|  |  TempData: |10,139,131,122| SaveDataNumber=1|
09:40:35:197 |Debug|thread 26|  |  TempData: |11,149,141,122| SaveDataNumber=1|
09:40:35:197 |Debug|thread 26|  |  TempData: |12,147,132,109| SaveDataNumber=1|
09:40:35:213 |Debug|thread 26|  |  ReserveTempData: |0,128,128,128| ReservedSaveNumbers=0|
09:40:35:213 |Debug|thread 26|  |  ReserveTempData: |1,128,128,128| ReservedSaveNumbers=0|
09:40:35:213 |Debug|thread 26|  |  ReserveTempData: |2,128,128,128| ReservedSaveNumbers=0|
09:40:35:213 |Trace|thread 26|  |  LastTempDataFile -> ColorTemp=
0,139,131,122
1,149,141,122
2,147,132,109

09:40:35:213 |Trace|thread 26|  |  StartDataFile -> uColorTemp_StartStepSum=
0,1,0,0,0
1,1,0,0,0
2,1,0,0,0
3,170
09:40:35:307 |Debug|thread 26|  |  START panasonic TX-32DR300ZZ; sn=;
09:40:35:588 |Trace|thread 26|  |  case=1; Timer.Interval=75;
09:40:35:588 |Trace|thread 26|  |  Write TV => 16 1 0 0
09:40:35:635 |Trace|thread 17|  |  Read byte <= 172 4 0 79
09:40:35:635 |Trace|thread 17|  |  Read hex <= ac04004f
09:40:35:682 |Trace|thread 26|  |  case=2; Timer.Interval=80;
09:40:35:682 |Trace|thread 26|  |  Write TV => 11 0 0 0
09:40:35:729 |Trace|thread 16|  |  Read byte <= 172 12 139 131 122 149 141 122 147 132 109 159
09:40:35:729 |Trace|thread 16|  |  Read hex <= ac0c8b837a958d7a93846d9f
09:40:35:775 |Trace|thread 26|  |  case=3; Timer.Interval=80;
09:40:35:869 |Trace|thread 26|  |  case=7; Timer.Interval=80;
09:40:35:869 |Debug|thread 26|  |  set TV = COOL
09:40:35:869 |Trace|thread 26|  |  Write TV => 1 0 0 0
09:40:35:932 |Trace|thread 17|  |  Read byte <= 172 4 0 79
09:40:35:932 |Trace|thread 17|  |  Read hex <= ac04004f
09:40:35:963 |Trace|thread 26|  |  case=8; Timer.Interval=80;
09:40:36:276 |Trace|thread 26|  |  Measure=288,6, 317,5; Lv=205;
09:40:36:276 |Debug|thread 26|  |  before=2886,3175,205
09:40:36:276 |Debug|thread 26|  |  set TV = NORMAL
09:40:36:276 |Trace|thread 26|  |  Write TV => 1 1 0 0
09:40:36:276 |Trace|thread 26|  |  case=9; Timer.Interval=80;
09:40:36:322 |Trace|thread 16|  |  Read byte <= 172 4 0 79
09:40:36:322 |Trace|thread 16|  |  Read hex <= ac04004f
09:40:36:604 |Trace|thread 26|  |  Measure=290,7, 322,3; Lv=212,6;
09:40:36:604 |Debug|thread 26|  |  before=2907,3223,212,6
09:40:36:604 |Debug|thread 26|  |  set TV = WARM
09:40:36:604 |Trace|thread 26|  |  Write TV => 1 2 0 0
09:40:36:604 |Trace|thread 26|  |  case=10; Timer.Interval=80;
09:40:36:651 |Trace|thread 16|  |  Read byte <= 172 4 0 79
09:40:36:651 |Trace|thread 16|  |  Read hex <= ac04004f
09:40:36:932 |Trace|thread 26|  |  Measure=299,4, 339,1; Lv=239,3;
09:40:36:932 |Debug|thread 26|  |  before=2994,3391,239,3
09:40:36:932 |Debug|thread 26|  |  set TV = NORMAL
09:40:36:932 |Trace|thread 26|  |  Write TV => 1 1 0 0
09:40:36:932 |Trace|thread 26|  |  case=5; Timer.Interval=80;
09:40:36:994 |Trace|thread 17|  |  Read byte <= 172 4 0 79
09:40:36:994 |Trace|thread 17|  |  Read hex <= ac04004f
09:40:37:010 |Trace|thread 26|  |  case=11; Timer.Interval=65;
09:40:37:322 |Trace|thread 26|  |  Measure=298,9, 338,8; Lv=240,7;
09:40:37:526 |Trace|thread 26|  |  set TV RGB: 128, 128, 128
09:40:37:526 |Trace|thread 26|  |  Write TV => 12 128 128 128
09:40:37:526 |Trace|thread 26|  |  case=12; Timer.Interval=65;
09:40:37:557 |Trace|thread 26|  |  case=12; Timer.Interval=65;
09:40:37:588 |Trace|thread 17|  |  Read byte <= 172 4 0 79
09:40:37:588 |Trace|thread 17|  |  Read hex <= ac04004f
09:40:37:635 |Trace|thread 26|  |  case=12; Timer.Interval=65;
09:40:37:948 |Trace|thread 26|  |  Measure=271,9, 295,9; Lv=191,5;
09:40:37:948 |Trace|thread 26|  |  set TV RGB: 136, 136, 136
09:40:37:948 |Trace|thread 26|  |  Write TV => 12 136 136 136
09:40:37:948 |Trace|thread 26|  |  case=13; Timer.Interval=65;
09:40:38:010 |Trace|thread 17|  |  Read byte <= 172 4 0 79
09:40:38:010 |Trace|thread 17|  |  Read hex <= ac04004f
09:40:38:026 |Trace|thread 26|  |  case=13; Timer.Interval=65;
09:40:38:338 |Trace|thread 26|  |  Measure=272, 297,9; Lv=222,1;
09:40:38:338 |Trace|thread 26|  |  set TV RGB: 144, 144, 144
09:40:38:338 |Trace|thread 26|  |  Write TV => 12 144 144 144
09:40:38:338 |Trace|thread 26|  |  case=13; Timer.Interval=65;
09:40:38:385 |Trace|thread 13|  |  Read byte <= 172 4 0 79
09:40:38:385 |Trace|thread 13|  |  Read hex <= ac04004f
09:40:38:416 |Trace|thread 26|  |  case=13; Timer.Interval=65;
09:40:38:729 |Trace|thread 26|  |  Measure=272,7, 300,8; Lv=249,4;
09:40:38:729 |Trace|thread 26|  |  set TV RGB: 152, 152, 152
09:40:38:729 |Trace|thread 26|  |  Write TV => 12 152 152 152
09:40:38:729 |Trace|thread 26|  |  case=13; Timer.Interval=65;
09:40:38:807 |Trace|thread 26|  |  case=13; Timer.Interval=65;
09:40:38:823 |Trace|thread 17|  |  Read byte <= 172 4 0 79
09:40:38:823 |Trace|thread 17|  |  Read hex <= ac04004f
09:40:38:885 |Trace|thread 26|  |  case=13; Timer.Interval=65;
09:40:39:198 |Trace|thread 26|  |  Measure=275, 306,1; Lv=281,7;
09:40:39:198 |Trace|thread 26|  |  set TV RGB: 160, 160, 160
09:40:39:198 |Trace|thread 26|  |  Write TV => 12 160 160 160
09:40:39:198 |Trace|thread 26|  |  case=13; Timer.Interval=65;
09:40:39:260 |Trace|thread 13|  |  Read byte <= 172 4 0 79
09:40:39:260 |Trace|thread 13|  |  Read hex <= ac04004f
09:40:39:276 |Trace|thread 26|  |  case=13; Timer.Interval=65;
09:40:39:463 |Trace|thread 17|  |  Read byte <= 103 95 97 115 116 87 104 105 116 101 66 97 108 97 110 99 101 32 99 104 97 110 103 101 100 33 13 10 71 95 70 65 67 84 79 82 89 95 83 69 84 84 73 78 71 32 99 104 97 110 103 101 100 33 13 10
09:40:39:463 |Trace|thread 17|  |  Read hex <= 675f617374576869746542616c616e6365206368616e676564210d0a475f464143544f52595f53455454494e47206368616e676564210d0a
09:40:39:557 |Trace|thread 13|  |  Read byte <= 32 62 62 32 87 114 105 116 101 32 102 108 97 115 104 32 100 111 110 101 126 32 61 62 32 85 110 105 116 73 100 120 61 57 44 32 119 116 61 57 48 54 44 32 117 115 101 32 54 48 109 115 13 10
09:40:39:557 |Trace|thread 13|  |  Read hex <= 203e3e20577269746520666c61736820646f6e657e203d3e20556e69744964783d392c2077743d3930362c207573652036306d730d0a
09:40:39:588 |Trace|thread 26|  |  Measure=275,1, 306,1; Lv=282,1;
09:40:39:588 |Trace|thread 26|  |  set TV RGB: 144, 144, 144
09:40:39:588 |Trace|thread 26|  |  Write TV => 12 144 144 144
09:40:39:588 |Trace|thread 26|  |  case=13; Timer.Interval=65;
09:40:39:651 |Trace|thread 17|  |  Read byte <= 172 4 0 79
09:40:39:651 |Trace|thread 17|  |  Read hex <= ac04004f
09:40:39:666 |Trace|thread 26|  |  case=13; Timer.Interval=65;
09:40:39:979 |Trace|thread 26|  |  Measure=274,8, 305,1; Lv=276,4;
09:40:39:979 |Trace|thread 26|  |  set TV RGB: 148, 148, 148
09:40:39:979 |Trace|thread 26|  |  Write TV => 12 148 148 148
09:40:39:979 |Trace|thread 26|  |  case=13; Timer.Interval=65;
09:40:40:026 |Trace|thread 13|  |  Read byte <= 172 4 0 79
09:40:40:026 |Trace|thread 13|  |  Read hex <= ac04004f
09:40:40:057 |Trace|thread 26|  |  case=13; Timer.Interval=65;
09:40:40:370 |Trace|thread 26|  |  Measure=274, 304,7; Lv=277;
09:40:40:370 |Trace|thread 26|  |  set TV RGB: 140, 140, 140
09:40:40:370 |Trace|thread 26|  |  Write TV => 12 140 140 140
09:40:40:370 |Trace|thread 26|  |  case=13; Timer.Interval=65;
09:40:40:432 |Trace|thread 17|  |  Read byte <= 172 4 0 79
09:40:40:432 |Trace|thread 17|  |  Read hex <= ac04004f
09:40:40:448 |Trace|thread 26|  |  case=13; Timer.Interval=65;
09:40:40:760 |Trace|thread 26|  |  Measure=272,7, 300; Lv=238,8;
09:40:40:760 |Trace|thread 26|  |  set TV RGB: 142, 142, 142
09:40:40:760 |Trace|thread 26|  |  Write TV => 12 142 142 142
09:40:40:760 |Trace|thread 26|  |  case=13; Timer.Interval=65;
09:40:40:807 |Trace|thread 17|  |  Read byte <= 172 4 0 79
09:40:40:807 |Trace|thread 17|  |  Read hex <= ac04004f
09:40:40:838 |Trace|thread 26|  |  case=13; Timer.Interval=65;
09:40:41:151 |Trace|thread 26|  |  Measure=272,6, 300; Lv=243,5;
09:40:41:151 |Trace|thread 26|  |  set TV RGB: 144, 144, 144
09:40:41:151 |Trace|thread 26|  |  Write TV => 12 144 144 144
09:40:41:151 |Trace|thread 26|  |  case=13; Timer.Interval=65;
09:40:41:213 |Trace|thread 6|  |  Read byte <= 172 4 0 79
09:40:41:213 |Trace|thread 6|  |  Read hex <= ac04004f
09:40:41:229 |Trace|thread 26|  |  case=13; Timer.Interval=65;
09:40:41:463 |Trace|thread 17|  |  Read byte <= 103 95 97 115 116 87 104 105 116 101 66 97 108 97 110 99 101 32 99 104 97 110 103 101 100 33 13 10 71 95 70 65 67 84 79 82 89 95 83 69 84 84 73 78 71 32 99 104 97 110 103 101 100 33 13 10
09:40:41:463 |Trace|thread 17|  |  Read hex <= 675f617374576869746542616c616e6365206368616e676564210d0a475f464143544f52595f53455454494e47206368616e676564210d0a
09:40:41:542 |Trace|thread 26|  |  Measure=273,1, 301,2; Lv=255,5;
09:40:41:542 |Trace|thread 26|  |  set TV RGB: 146, 146, 146
09:40:41:542 |Trace|thread 26|  |  Write TV => 12 146 146 146
09:40:41:542 |Trace|thread 26|  |  case=13; Timer.Interval=65;
09:40:41:588 |Trace|thread 6|  |  Read byte <= 32 62 62 32 87 114 105 116 101 32 102 108 97 115 104 32 100 111 110 101 126 32 61 62 32 85 110 105 116 73 100 120 61 49 48 44 32 119 116 61 57 48 55 44 32 117 115 101 32 54 48 109 115 13 10 172 4 0 79
09:40:41:588 |Trace|thread 6|  |  Read hex <= 203e3e20577269746520666c61736820646f6e657e203d3e20556e69744964783d31302c2077743d3930372c207573652036306d730d0aac04004f
09:40:41:620 |Trace|thread 26|  |  case=13; Timer.Interval=65;
09:40:41:698 |Trace|thread 26|  |  case=13; Timer.Interval=65;
09:40:41:776 |Trace|thread 26|  |  case=13; Timer.Interval=65;
09:40:41:854 |Trace|thread 26|  |  case=13; Timer.Interval=65;
09:40:41:932 |Trace|thread 26|  |  case=13; Timer.Interval=65;
09:40:42:010 |Trace|thread 26|  |  case=13; Timer.Interval=65;
09:40:42:088 |Trace|thread 26|  |  case=13; Timer.Interval=65;
09:40:42:167 |Trace|thread 26|  |  case=13; Timer.Interval=65;
09:40:42:245 |Trace|thread 26|  |  case=13; Timer.Interval=65;
09:40:42:323 |Trace|thread 26|  |  case=13; Timer.Interval=65;
09:40:42:401 |Trace|thread 26|  |  case=13; Timer.Interval=65;
09:40:42:479 |Trace|thread 26|  |  case=13; Timer.Interval=65;
09:40:42:557 |Trace|thread 26|  |  case=13; Timer.Interval=65;
09:40:42:635 |Trace|thread 26|  |  case=13; Timer.Interval=65;
09:40:42:713 |Trace|thread 26|  |  case=13; Timer.Interval=65;
09:40:42:713 |Trace|thread 26|  |  set TV RGB: 146, 146, 146
09:40:42:713 |Trace|thread 26|  |  Write TV => 12 146 146 146
09:40:42:760 |Trace|thread 17|  |  Read byte <= 172 4 0 79
09:40:42:760 |Trace|thread 17|  |  Read hex <= ac04004f
09:40:42:792 |Trace|thread 26|  |  case=13; Timer.Interval=65;
09:40:43:104 |Trace|thread 26|  |  Measure=272,9, 301,1; Lv=266,5;
09:40:43:104 |Trace|thread 26|  |  set TV RGB: 148, 148, 148
09:40:43:104 |Trace|thread 26|  |  Write TV => 12 148 148 148
09:40:43:104 |Trace|thread 26|  |  case=13; Timer.Interval=65;
09:40:43:135 |Trace|thread 17|  |  Read byte <= 172 4 0 79
09:40:43:135 |Trace|thread 17|  |  Read hex <= ac04004f
09:40:43:182 |Trace|thread 26|  |  case=13; Timer.Interval=65;
09:40:43:479 |Trace|thread 6|  |  Read byte <= 103 95 97 115 116 87 104 105 116 101 66 97 108 97 110 99 101 32 99 104 97 110 103 101 100 33 13 10 71 95 70 65 67 84 79 82 89 95 83 69 84 84 73 78 71 32 99 104 97 110 103 101 100 33 13 10
09:40:43:479 |Trace|thread 6|  |  Read hex <= 675f617374576869746542616c616e6365206368616e676564210d0a475f464143544f52595f53455454494e47206368616e676564210d0a
09:40:43:495 |Trace|thread 26|  |  Measure=274,2, 304,9; Lv=279,3;
09:40:43:495 |Trace|thread 26|  |  set TV RGB: 150, 150, 150
09:40:43:495 |Trace|thread 26|  |  Write TV => 12 150 150 150
09:40:43:495 |Trace|thread 26|  |  case=13; Timer.Interval=65;
09:40:43:573 |Trace|thread 26|  |  case=13; Timer.Interval=65;
09:40:43:589 |Trace|thread 16|  |  Read byte <= 32 62 62 32 87 114 105 116 101 32 102 108 97 115 104 32 100 111 110 101 126 32 61 62 32 85 110 105 116 73 100 120 61 49 49 44 32 119 116 61 57 48 56 44 32 117 115 101 32 54 48 109 115 13 10 172 4 0 79
09:40:43:589 |Trace|thread 16|  |  Read hex <= 203e3e20577269746520666c61736820646f6e657e203d3e20556e69744964783d31312c2077743d3930382c207573652036306d730d0aac04004f
09:40:43:651 |Trace|thread 26|  |  case=13; Timer.Interval=65;
09:40:43:729 |Trace|thread 26|  |  case=13; Timer.Interval=65;
09:40:43:807 |Trace|thread 26|  |  case=13; Timer.Interval=65;
09:40:43:885 |Trace|thread 26|  |  case=13; Timer.Interval=65;
09:40:43:964 |Trace|thread 26|  |  case=13; Timer.Interval=65;
09:40:44:042 |Trace|thread 26|  |  case=13; Timer.Interval=65;
09:40:44:120 |Trace|thread 26|  |  case=13; Timer.Interval=65;
09:40:44:198 |Trace|thread 26|  |  case=13; Timer.Interval=65;
09:40:44:276 |Trace|thread 26|  |  case=13; Timer.Interval=65;
09:40:44:354 |Trace|thread 26|  |  case=13; Timer.Interval=65;
09:40:44:432 |Trace|thread 26|  |  case=13; Timer.Interval=65;
09:40:44:510 |Trace|thread 26|  |  case=13; Timer.Interval=65;
09:40:44:589 |Trace|thread 26|  |  case=13; Timer.Interval=65;
09:40:44:667 |Trace|thread 26|  |  case=13; Timer.Interval=65;
09:40:44:667 |Trace|thread 26|  |  set TV RGB: 150, 150, 150
09:40:44:667 |Trace|thread 26|  |  Write TV => 12 150 150 150
09:40:44:729 |Trace|thread 6|  |  Read byte <= 172 4 0 79
09:40:44:729 |Trace|thread 6|  |  Read hex <= ac04004f
09:40:44:745 |Trace|thread 26|  |  case=13; Timer.Interval=65;
09:40:45:057 |Trace|thread 26|  |  Measure=275,1, 306,1; Lv=282,1;
09:40:45:057 |Trace|thread 26|  |  set TV RGB: 152, 152, 152
09:40:45:057 |Trace|thread 26|  |  Write TV => 12 152 152 152
09:40:45:057 |Trace|thread 26|  |  case=13; Timer.Interval=65;
09:40:45:104 |Trace|thread 13|  |  Read byte <= 172 4 0 79
09:40:45:104 |Trace|thread 13|  |  Read hex <= ac04004f
09:40:45:136 |Trace|thread 26|  |  case=13; Timer.Interval=65;
09:40:45:448 |Trace|thread 26|  |  Measure=275,1, 306,1; Lv=282,1;
09:40:45:495 |Trace|thread 13|  |  Read byte <= 103 95 97 115 116 87 104 105 116 101 66 97 108 97 110 99 101 32 99 104 97 110 103 101 100 33 13 10 71 95 70 65 67 84 79 82 89 95 83 69 84 84 73 78 71 32 99 104 97 110 103 101 100 33 13 10
09:40:45:495 |Trace|thread 13|  |  Read hex <= 675f617374576869746542616c616e6365206368616e676564210d0a475f464143544f52595f53455454494e47206368616e676564210d0a
09:40:45:526 |Trace|thread 26|  |  case=14; Timer.Interval=75;
09:40:45:604 |Trace|thread 13|  |  Read byte <= 32 62 62 32 87 114 105 116 101 32 102 108 97 115 104 32 100 111 110 101 126 32 61 62 32 85 110 105 116 73 100 120 61 49 50 44 32 119 116 61 57 48 57 44 32 117 115 101 32 54 48 109 115 13 10
09:40:45:604 |Trace|thread 13|  |  Read hex <= 203e3e20577269746520666c61736820646f6e657e203d3e20556e69744964783d31322c2077743d3930392c207573652036306d730d0a
09:40:45:636 |Trace|thread 26|  |  Write TV => 10 1 0 0
09:40:45:636 |Trace|thread 26|  |  case=15; Timer.Interval=75;
09:40:45:682 |Trace|thread 26|  |  case=15; Timer.Interval=75;
09:40:45:761 |Trace|thread 26|  |  case=15; Timer.Interval=75;
09:40:45:839 |Trace|thread 26|  |  case=15; Timer.Interval=75;
09:40:45:886 |Trace|thread 6|  |  Read byte <= 172 4 0 79
09:40:45:886 |Trace|thread 6|  |  Read hex <= ac04004f
09:40:45:917 |Trace|thread 26|  |  case=15; Timer.Interval=75;
09:40:46:542 |Trace|thread 26|  |  Measure=275,1, 306,1; Lv=282,1;
09:40:46:542 |Trace|thread 26|  |  Max Lv=282,1
09:40:46:542 |Trace|thread 26|  |  Write TV => 10 0 0 0
09:40:46:542 |Trace|thread 26|  |  case=25; Timer.Interval=75;
09:40:46:620 |Trace|thread 26|  |  case=25; Timer.Interval=75;
09:40:46:698 |Trace|thread 26|  |  case=25; Timer.Interval=75;
09:40:46:776 |Trace|thread 26|  |  case=25; Timer.Interval=75;
09:40:46:854 |Trace|thread 26|  |  case=25; Timer.Interval=75;
09:40:46:933 |Trace|thread 26|  |  case=25; Timer.Interval=75;
09:40:46:948 |Trace|thread 13|  |  Read byte <= 172 4 0 79
09:40:46:948 |Trace|thread 13|  |  Read hex <= ac04004f
09:40:47:011 |Trace|thread 26|  |  case=25; Timer.Interval=75;
09:40:47:089 |Trace|thread 26|  |  case=26; Timer.Interval=65;
09:40:47:089 |Debug|thread 26|  |  set TV = COOL
09:40:47:089 |Trace|thread 26|  |  Write TV => 1 0 0 0
09:40:47:167 |Trace|thread 26|  |  case=27; Timer.Interval=65;
09:40:47:183 |Trace|thread 6|  |  Read byte <= 172 4 0 79
09:40:47:183 |Trace|thread 6|  |  Read hex <= ac04004f
09:40:47:245 |Trace|thread 26|  |  case=27; Timer.Interval=65;
09:40:47:245 |Trace|thread 26|  |  set TV RGB: 139, 131, 122
09:40:47:245 |Trace|thread 26|  |  Write TV => 12 139 131 122
09:40:47:292 |Trace|thread 13|  |  Read byte <= 172 4 0 79
09:40:47:292 |Trace|thread 13|  |  Read hex <= ac04004f
09:40:47:323 |Trace|thread 26|  |  case=30; Timer.Interval=65;
09:40:47:558 |Trace|thread 6|  |  Read byte <= 103 95 97 115 116 86 105 100 101 111 91 54 93 32 99 104 97 110 103 101 100 13 10
09:40:47:558 |Trace|thread 6|  |  Read hex <= 675f617374566964656f5b365d206368616e6765640d0a
09:40:47:636 |Trace|thread 26|  |  Measure=287,8, 316,6; Lv=203,5;
09:40:47:636 |Trace|thread 26|  |  case=98; Timer.Interval=65;
09:40:47:636 |Debug|thread 26|  |  final cool=2878,3166,203,5
09:40:47:636 |Info|thread 26| TVSender.WhiteBalanceChroma.OnTimerEvent |  uColorTemp_StartStepSum[0,0]=2
09:40:47:667 |Trace|thread 6|  |  Read byte <= 32 62 62 32 87 114 105 116 101 32 102 108 97 115 104 32 100 111 110 101 126 32 61 62 32 85 110 105 116 73 100 120 61 49 51 44 32 119 116 61 57 49 48 44 32 117 115 101 32 54 48 109 115 13 10
09:40:47:667 |Trace|thread 6|  |  Read hex <= 203e3e20577269746520666c61736820646f6e657e203d3e20556e69744964783d31332c2077743d3931302c207573652036306d730d0a
09:40:47:714 |Trace|thread 26|  |  case=26; Timer.Interval=65;
09:40:47:714 |Debug|thread 26|  |  set TV = NORMAL
09:40:47:714 |Trace|thread 26|  |  Write TV => 1 1 0 0
09:40:47:776 |Trace|thread 6|  |  Read byte <= 172 4 0 79
09:40:47:776 |Trace|thread 6|  |  Read hex <= ac04004f
09:40:47:792 |Trace|thread 26|  |  case=27; Timer.Interval=65;
09:40:47:792 |Trace|thread 26|  |  set TV RGB: 149, 141, 122
09:40:47:792 |Trace|thread 26|  |  Write TV => 12 149 141 122
09:40:47:839 |Trace|thread 6|  |  Read byte <= 172 4 0 79
09:40:47:839 |Trace|thread 6|  |  Read hex <= ac04004f
09:40:47:870 |Trace|thread 26|  |  case=30; Timer.Interval=65;
09:40:48:183 |Trace|thread 26|  |  Measure=297,4, 336,8; Lv=243,2;
09:40:48:183 |Trace|thread 26|  |  set TV RGB: 149, 141, 122
09:40:48:183 |Trace|thread 26|  |  Write TV => 12 149 141 122
09:40:48:183 |Trace|thread 26|  |  case=31; Timer.Interval=65;
09:40:48:229 |Trace|thread 6|  |  Read byte <= 172 4 0 79
09:40:48:229 |Trace|thread 6|  |  Read hex <= ac04004f
09:40:48:261 |Trace|thread 26|  |  case=31; Timer.Interval=65;
09:40:48:589 |Trace|thread 26|  |  Measure=298,5, 338,5; Lv=241,9;
09:40:48:589 |Trace|thread 26|  |  set TV RGB: 149, 141, 122
09:40:48:589 |Trace|thread 26|  |  Write TV => 12 149 141 122
09:40:48:589 |Trace|thread 26|  |  case=32; Timer.Interval=65;
09:40:48:651 |Trace|thread 26|  |  case=32; Timer.Interval=65;
09:40:48:651 |Trace|thread 14|  |  Read byte <= 172 4 0 79
09:40:48:651 |Trace|thread 14|  |  Read hex <= ac04004f
09:40:48:730 |Trace|thread 26|  |  case=32; Timer.Interval=65;
09:40:49:042 |Trace|thread 26|  |  Measure=298,5, 338,5; Lv=241,9;
09:40:49:042 |Trace|thread 26|  |  set TV RGB: 149, 141, 122
09:40:49:042 |Trace|thread 26|  |  Write TV => 12 149 141 122
09:40:49:042 |Trace|thread 26|  |  case=33; Timer.Interval=65;
09:40:49:105 |Trace|thread 14|  |  Read byte <= 172 4 0 79
09:40:49:105 |Trace|thread 14|  |  Read hex <= ac04004f
09:40:49:120 |Trace|thread 26|  |  case=33; Timer.Interval=65;
09:40:49:433 |Trace|thread 26|  |  Measure=298,5, 338,5; Lv=241,8;
09:40:49:433 |Trace|thread 26|  |  set TV RGB: 149, 141, 122
09:40:49:433 |Trace|thread 26|  |  Write TV => 12 149 141 122
09:40:49:433 |Trace|thread 26|  |  case=30; Timer.Interval=65;
09:40:49:495 |Trace|thread 17|  |  Read byte <= 172 4 0 79
09:40:49:495 |Trace|thread 17|  |  Read hex <= ac04004f
09:40:49:511 |Trace|thread 26|  |  case=30; Timer.Interval=65;
09:40:49:573 |Trace|thread 14|  |  Read byte <= 103 95 97 115 116 86 105 100 101 111 91 54 93 32 99 104 97 110 103 101 100 13 10 103 95 97 115 116 87 104 105 116 101 66 97 108 97 110 99 101 32 99 104 97 110 103 101 100 33 13 10 71 95 70 65 67 84 79 82 89 95 83 69 84 84 73 78 71 32 99 104 97 110 103 101 100 33 13 10
09:40:49:573 |Trace|thread 14|  |  Read hex <= 675f617374566964656f5b365d206368616e6765640d0a675f617374576869746542616c616e6365206368616e676564210d0a475f464143544f52595f53455454494e47206368616e676564210d0a
09:40:49:683 |Trace|thread 17|  |  Read byte <= 32 62 62 32 87 114 105 116 101 32 102 108 97 115 104 32 100 111 110 101 126 32 61 62 32 85 110 105 116 73 100 120 61 49 52 44 32 119 116 61 57 49 49 44 32 117 115 101 32 54 48 109 115 13 10
09:40:49:683 |Trace|thread 17|  |  Read hex <= 203e3e20577269746520666c61736820646f6e657e203d3e20556e69744964783d31342c2077743d3931312c207573652036306d730d0a
09:40:49:823 |Trace|thread 26|  |  Measure=298,5, 338,5; Lv=241,9;
09:40:49:823 |Trace|thread 26|  |  case=98; Timer.Interval=65;
09:40:49:823 |Debug|thread 26|  |  final normal=2985,3385,241,9
09:40:49:823 |Info|thread 26| TVSender.WhiteBalanceChroma.OnTimerEvent |  uColorTemp_StartStepSum[1,0]=2
09:40:49:901 |Trace|thread 26|  |  case=26; Timer.Interval=65;
09:40:49:901 |Debug|thread 26|  |  set TV = WARM
09:40:49:901 |Trace|thread 26|  |  Write TV => 1 2 0 0
09:40:49:948 |Trace|thread 14|  |  Read byte <= 172 4 0 79
09:40:49:948 |Trace|thread 14|  |  Read hex <= ac04004f
09:40:49:980 |Trace|thread 26|  |  case=27; Timer.Interval=65;
09:40:49:980 |Trace|thread 26|  |  set TV RGB: 147, 132, 109
09:40:49:980 |Trace|thread 26|  |  Write TV => 12 147 132 109
09:40:50:026 |Trace|thread 17|  |  Read byte <= 172 4 0 79
09:40:50:026 |Trace|thread 17|  |  Read hex <= ac04004f
09:40:50:058 |Trace|thread 26|  |  case=30; Timer.Interval=65;
09:40:50:370 |Trace|thread 26|  |  Measure=310,5, 347,2; Lv=209,8;
09:40:50:370 |Trace|thread 26|  |  case=98; Timer.Interval=65;
09:40:50:370 |Debug|thread 26|  |  final warm=3105,3472,209,8
09:40:50:370 |Info|thread 26| TVSender.WhiteBalanceChroma.OnTimerEvent |  uColorTemp_StartStepSum[2,0]=2
09:40:50:448 |Trace|thread 26|  |  case=99; Timer.Interval=65;
09:40:50:448 |Trace|thread 26|  |  Write TV => 8 0 0 0
09:40:50:495 |Trace|thread 14|  |  Read byte <= 172 4 0 79
09:40:50:495 |Trace|thread 14|  |  Read hex <= ac04004f
09:40:50:558 |Trace|thread 26|  |  case=100; Timer.Interval=100;
09:40:50:667 |Trace|thread 26|  |  case=110; Timer.Interval=100;
09:40:50:714 |Trace|thread 14|  |  Read byte <= 32 62 62 32 87 114 105 116 101 32 102 108 97 115 104 32 100 111 110 101 126 32 61 62 32 85 110 105 116 73 100 120 61 49 53 44 32 119 116 61 57 49 50 44 32 117 115 101 32 54 48 109 115 13 10
09:40:50:714 |Trace|thread 14|  |  Read hex <= 203e3e20577269746520666c61736820646f6e657e203d3e20556e69744964783d31352c2077743d3931322c207573652036306d730d0a
09:40:50:777 |Trace|thread 26|  |  case=111; Timer.Interval=100;
09:40:50:777 |Trace|thread 26|  |  Write uColorTempAdj_Data (overwrite=False) temp_data.txt: 
0,139,131,122
1,149,141,122
2,147,132,109

09:40:50:777 |Trace|thread 26|  |  Write uColorTemp_StartStepSum
0,2,0,0,0
1,2,0,0,0
2,2,0,0,0
3,170
09:40:50:855 |Trace|thread 26|  |  case=118; Timer.Interval=65;
09:40:50:855 |Debug|thread 26|  |  set TV = NORMAL
09:40:50:855 |Trace|thread 26|  |  Write TV => 1 1 0 0
09:40:50:933 |Trace|thread 17|  |  Read byte <= 172 4 0 79
09:40:50:933 |Trace|thread 26|  |  case=119; Timer.Interval=65;
09:40:50:933 |Trace|thread 17|  |  Read hex <= ac04004f
09:40:51:011 |Trace|thread 26|  |  case=119; Timer.Interval=65;
09:40:51:323 |Trace|thread 26|  |  Measure=298,5, 338,5; Lv=241,8;
09:40:51:323 |Trace|thread 26|  |  case=120; Timer.Interval=65;
09:40:51:323 |Trace|thread 26|  |  Write TV => 16 0 0 0
09:40:51:402 |Trace|thread 26|  |  case=121; Timer.Interval=65;
09:40:51:402 |Trace|thread 16|  |  Read byte <= 172 4 0 79
09:40:51:402 |Trace|thread 16|  |  Read hex <= ac04004f
09:40:51:480 |Trace|thread 26|  |  case=121; Timer.Interval=65;
09:40:51:480 |Trace|thread 26|  |  Write uColorTempAdj_Data (overwrite=True) last_tempdata.txt: 
0,139,131,122
1,149,141,122
2,147,132,109

09:40:51:480 |Trace|thread 26|  |  uColorTempAdj_Data=: 
0,139,131,122
1,149,141,122
2,147,132,109

09:40:51:480 |Trace|thread 26|  |  END
09:41:22:685 |Trace|thread 28|  |  START
09:41:23:060 |Debug|thread 28|  |  TempData: |0,139,131,122| SaveDataNumber=0|
09:41:23:060 |Debug|thread 28|  |  TempData: |1,149,141,122| SaveDataNumber=0|
09:41:23:060 |Debug|thread 28|  |  TempData: |2,147,132,109| SaveDataNumber=0|
09:41:23:060 |Debug|thread 28|  |  TempData: |10,139,131,122| SaveDataNumber=1|
09:41:23:060 |Debug|thread 28|  |  TempData: |11,149,141,122| SaveDataNumber=1|
09:41:23:060 |Debug|thread 28|  |  TempData: |12,147,132,109| SaveDataNumber=1|
09:41:23:060 |Debug|thread 28|  |  TempData: |20,139,131,122| SaveDataNumber=2|
09:41:23:060 |Debug|thread 28|  |  TempData: |21,149,141,122| SaveDataNumber=2|
09:41:23:060 |Debug|thread 28|  |  TempData: |22,147,132,109| SaveDataNumber=2|
09:41:23:060 |Debug|thread 28|  |  ReserveTempData: |0,128,128,128| ReservedSaveNumbers=0|
09:41:23:060 |Debug|thread 28|  |  ReserveTempData: |1,128,128,128| ReservedSaveNumbers=0|
09:41:23:060 |Debug|thread 28|  |  ReserveTempData: |2,128,128,128| ReservedSaveNumbers=0|
09:41:23:060 |Trace|thread 28|  |  LastTempDataFile -> ColorTemp=
0,139,131,122
1,149,141,122
2,147,132,109

09:41:23:060 |Trace|thread 28|  |  StartDataFile -> uColorTemp_StartStepSum=
0,2,0,0,0
1,2,0,0,0
2,2,0,0,0
3,170
09:41:23:216 |Debug|thread 28|  |  START panasonic TX-32DR300ZZ; sn=;
09:41:23:529 |Trace|thread 28|  |  case=1; Timer.Interval=75;
09:41:23:529 |Trace|thread 28|  |  Write TV => 16 1 0 0
09:41:23:576 |Trace|thread 14|  |  Read byte <= 172 4 0 79
09:41:23:576 |Trace|thread 14|  |  Read hex <= ac04004f
09:41:23:623 |Trace|thread 28|  |  case=2; Timer.Interval=80;
09:41:23:623 |Trace|thread 28|  |  Write TV => 11 0 0 0
09:41:23:701 |Trace|thread 6|  |  Read byte <= 172 12 139 131 122 149 141 122 147 132 109 159
09:41:23:701 |Trace|thread 6|  |  Read hex <= ac0c8b837a958d7a93846d9f
09:41:23:716 |Trace|thread 28|  |  case=3; Timer.Interval=80;
09:41:23:810 |Trace|thread 28|  |  case=7; Timer.Interval=80;
09:41:23:810 |Debug|thread 28|  |  set TV = COOL
09:41:23:810 |Trace|thread 28|  |  Write TV => 1 0 0 0
09:41:23:888 |Trace|thread 6|  |  Read byte <= 172 4 0 79
09:41:23:888 |Trace|thread 6|  |  Read hex <= ac04004f
09:41:23:904 |Trace|thread 28|  |  case=8; Timer.Interval=80;
09:41:24:029 |Trace|thread 6|  |  Read byte <= 103 95 97 115 116 86 105 100 101 111 91 54 93 32 99 104 97 110 103 101 100 13 10 32 67 97 110 39 116 32 102 105 110 100 32 97 110 121 32 101 109 112 116 121 32 117 110 105 116 44 32 110 101 101 100 32 116 111 32 101 114 97 115 101 13 10
09:41:24:029 |Trace|thread 6|  |  Read hex <= 675f617374566964656f5b365d206368616e6765640d0a2043616e27742066696e6420616e7920656d70747920756e69742c206e65656420746f2065726173650d0a
09:41:24:076 |Trace|thread 6|  |  Read byte <= 69 114 97 115 101 32 102 108 97 115 104 32 98 97 110 107 61 48 120 55 69 13 10 95 109 115 65 80 73 95 68 66 95 71 69 78 95 69 114 97 115 101 70 108 97 115 104 40 117 56 66 97 110 107 61 48 120 55 69 44 32 119 97 105 116 61 48 41 13 10
09:41:24:076 |Trace|thread 6|  |  Read hex <= 457261736520666c6173682062616e6b3d307837450d0a5f6d734150495f44425f47454e5f4572617365466c61736828753842616e6b3d307837452c20776169743d30290d0a
09:41:24:185 |Trace|thread 14|  |  Read byte <= 71 69 78 58 32 70 108 97 115 104 32 98 117 115 121 13 10
09:41:24:185 |Trace|thread 14|  |  Read hex <= 47454e3a20466c61736820627573790d0a
09:41:24:216 |Trace|thread 28|  |  Measure=288,1, 316,7; Lv=203,5;
09:41:24:216 |Debug|thread 28|  |  before=2881,3167,203,5
09:41:24:216 |Debug|thread 28|  |  set TV = NORMAL
09:41:24:216 |Trace|thread 28|  |  Write TV => 1 1 0 0
09:41:24:216 |Trace|thread 28|  |  case=9; Timer.Interval=80;
09:41:24:279 |Trace|thread 14|  |  Read byte <= 172 4 0 79 71 69 78 58 32 70 108 97 115 104 32 98 117 115 121 13 10
09:41:24:279 |Trace|thread 14|  |  Read hex <= ac04004f47454e3a20466c61736820627573790d0a
09:41:24:373 |Trace|thread 14|  |  Read byte <= 71 69 78 58 32 70 108 97 115 104 32 98 117 115 121 13 10
09:41:24:373 |Trace|thread 14|  |  Read hex <= 47454e3a20466c61736820627573790d0a
09:41:24:544 |Trace|thread 28|  |  Measure=295,9, 333,3; Lv=231,8;
09:41:24:544 |Debug|thread 28|  |  before=2959,3333,231,8
09:41:24:544 |Debug|thread 28|  |  set TV = WARM
09:41:24:544 |Trace|thread 28|  |  Write TV => 1 2 0 0
09:41:24:544 |Trace|thread 28|  |  case=10; Timer.Interval=80;
09:41:24:576 |Trace|thread 6|  |  Read byte <= 32 62 62 32 87 114 105 116 101 32 102 108 97 115 104 32 100 111 110 101 126 32 61 62 32 85 110 105 116 73 100 120 61 48 44 32 119 116 61 57 49 51 44 32 117 115 101 32 53 51 109 115 13 10 172 4 0 79
09:41:24:576 |Trace|thread 6|  |  Read hex <= 203e3e20577269746520666c61736820646f6e657e203d3e20556e69744964783d302c2077743d3931332c207573652035336d730d0aac04004f
09:41:24:873 |Trace|thread 28|  |  Measure=304,5, 342,6; Lv=224,7;
09:41:24:873 |Debug|thread 28|  |  before=3045,3426,224,7
09:41:24:873 |Debug|thread 28|  |  set TV = NORMAL
09:41:24:873 |Trace|thread 28|  |  Write TV => 1 1 0 0
09:41:24:873 |Trace|thread 28|  |  case=5; Timer.Interval=80;
09:41:24:935 |Trace|thread 6|  |  Read byte <= 172 4 0 79
09:41:24:935 |Trace|thread 6|  |  Read hex <= ac04004f
09:41:24:951 |Trace|thread 28|  |  case=11; Timer.Interval=65;
09:41:25:263 |Trace|thread 28|  |  Measure=308,3, 345,9; Lv=214,8;
09:41:25:466 |Trace|thread 28|  |  set TV RGB: 128, 128, 128
09:41:25:466 |Trace|thread 28|  |  Write TV => 12 128 128 128
09:41:25:466 |Trace|thread 28|  |  case=12; Timer.Interval=65;
09:41:25:498 |Trace|thread 28|  |  case=12; Timer.Interval=65;
09:41:25:513 |Trace|thread 14|  |  Read byte <= 172 4 0 79
09:41:25:513 |Trace|thread 14|  |  Read hex <= ac04004f
09:41:25:576 |Trace|thread 28|  |  case=12; Timer.Interval=65;
09:41:25:904 |Trace|thread 28|  |  Measure=271,4, 295,3; Lv=190,7;
09:41:25:904 |Trace|thread 28|  |  set TV RGB: 136, 136, 136
09:41:25:904 |Trace|thread 28|  |  Write TV => 12 136 136 136
09:41:25:904 |Trace|thread 28|  |  case=13; Timer.Interval=65;
09:41:25:951 |Trace|thread 14|  |  Read byte <= 172 4 0 79
09:41:25:951 |Trace|thread 14|  |  Read hex <= ac04004f
09:41:25:966 |Trace|thread 28|  |  case=13; Timer.Interval=65;
09:41:26:045 |Trace|thread 6|  |  Read byte <= 103 95 97 115 116 86 105 100 101 111 91 54 93 32 99 104 97 110 103 101 100 13 10 103 95 97 115 116 87 104 105 116 101 66 97 108 97 110 99 101 32 99 104 97 110 103 101 100 33 13 10 71 95 70 65 67 84 79 82 89 95 83 69 84 84 73 78 71 32 99 104 97 110 103 101 100 33 13 10
09:41:26:045 |Trace|thread 6|  |  Read hex <= 675f617374566964656f5b365d206368616e6765640d0a675f617374576869746542616c616e6365206368616e676564210d0a475f464143544f52595f53455454494e47206368616e676564210d0a
09:41:26:138 |Trace|thread 6|  |  Read byte <= 32 62 62 32 87 114 105 116 101 32 102 108 97 115 104 32 100 111 110 101 126 32 61 62 32 85 110 105 116 73 100 120 61 49 44 32 119 116 61 57 49 52 44 32 117 115 101 32 54 48 109 115 13 10
09:41:26:138 |Trace|thread 6|  |  Read hex <= 203e3e20577269746520666c61736820646f6e657e203d3e20556e69744964783d312c2077743d3931342c207573652036306d730d0a
09:41:26:279 |Trace|thread 28|  |  Measure=271,4, 296,5; Lv=204,4;
09:41:26:279 |Trace|thread 28|  |  set TV RGB: 144, 144, 144
09:41:26:279 |Trace|thread 28|  |  Write TV => 12 144 144 144
09:41:26:279 |Trace|thread 28|  |  case=13; Timer.Interval=65;
09:41:26:341 |Trace|thread 6|  |  Read byte <= 172 4 0 79
09:41:26:341 |Trace|thread 6|  |  Read hex <= ac04004f
09:41:26:357 |Trace|thread 28|  |  case=13; Timer.Interval=65;
09:41:26:670 |Trace|thread 28|  |  Measure=273,1, 301,2; Lv=254,9;
09:41:26:670 |Trace|thread 28|  |  set TV RGB: 152, 152, 152
09:41:26:670 |Trace|thread 28|  |  Write TV => 12 152 152 152
09:41:26:670 |Trace|thread 28|  |  case=13; Timer.Interval=65;
09:41:26:716 |Trace|thread 6|  |  Read byte <= 172 4 0 79
09:41:26:716 |Trace|thread 6|  |  Read hex <= ac04004f
09:41:26:748 |Trace|thread 28|  |  case=13; Timer.Interval=65;
09:41:27:060 |Trace|thread 28|  |  Measure=274, 303,7; Lv=268,2;
09:41:27:060 |Trace|thread 28|  |  set TV RGB: 160, 160, 160
09:41:27:060 |Trace|thread 28|  |  Write TV => 12 160 160 160
09:41:27:060 |Trace|thread 28|  |  case=13; Timer.Interval=65;
09:41:27:107 |Trace|thread 6|  |  Read byte <= 172 4 0 79
09:41:27:107 |Trace|thread 6|  |  Read hex <= ac04004f
09:41:27:138 |Trace|thread 28|  |  case=13; Timer.Interval=65;
09:41:27:451 |Trace|thread 28|  |  Measure=275,1, 306,1; Lv=282,1;
09:41:27:451 |Trace|thread 28|  |  set TV RGB: 168, 168, 168
09:41:27:451 |Trace|thread 28|  |  Write TV => 12 168 168 168
09:41:27:451 |Trace|thread 28|  |  case=13; Timer.Interval=65;
09:41:27:498 |Trace|thread 6|  |  Read byte <= 172 4 0 79
09:41:27:498 |Trace|thread 6|  |  Read hex <= ac04004f
09:41:27:529 |Trace|thread 28|  |  case=13; Timer.Interval=65;
09:41:27:842 |Trace|thread 28|  |  Measure=275,1, 306,1; Lv=282,1;
09:41:27:842 |Trace|thread 28|  |  set TV RGB: 152, 152, 152
09:41:27:842 |Trace|thread 28|  |  Write TV => 12 152 152 152
09:41:27:842 |Trace|thread 28|  |  case=13; Timer.Interval=65;
09:41:27:888 |Trace|thread 6|  |  Read byte <= 172 4 0 79
09:41:27:888 |Trace|thread 6|  |  Read hex <= ac04004f
09:41:27:920 |Trace|thread 28|  |  case=13; Timer.Interval=65;
09:41:28:060 |Trace|thread 14|  |  Read byte <= 103 95 97 115 116 87 104 105 116 101 66 97 108 97 110 99 101 32 99 104 97 110 103 101 100 33 13 10 71 95 70 65 67 84 79 82 89 95 83 69 84 84 73 78 71 32 99 104 97 110 103 101 100 33 13 10
09:41:28:060 |Trace|thread 14|  |  Read hex <= 675f617374576869746542616c616e6365206368616e676564210d0a475f464143544f52595f53455454494e47206368616e676564210d0a
09:41:28:170 |Trace|thread 14|  |  Read byte <= 32 62 62 32 87 114 105 116 101 32 102 108 97 115 104 32 100 111 110 101 126 32 61 62 32 85 110 105 116 73 100 120 61 50 44 32 119 116 61 57 49 53 44 32 117 115 101 32 54 48 109 115 13 10
09:41:28:170 |Trace|thread 14|  |  Read hex <= 203e3e20577269746520666c61736820646f6e657e203d3e20556e69744964783d322c2077743d3931352c207573652036306d730d0a
09:41:28:232 |Trace|thread 28|  |  Measure=275, 306,1; Lv=282,1;
09:41:28:232 |Trace|thread 28|  |  set TV RGB: 144, 144, 144
09:41:28:232 |Trace|thread 28|  |  Write TV => 12 144 144 144
09:41:28:248 |Trace|thread 28|  |  case=13; Timer.Interval=65;
09:41:28:295 |Trace|thread 6|  |  Read byte <= 172 4 0 79
09:41:28:295 |Trace|thread 6|  |  Read hex <= ac04004f
09:41:28:310 |Trace|thread 28|  |  case=13; Timer.Interval=65;
09:41:28:623 |Trace|thread 28|  |  Measure=273,3, 301,4; Lv=256,7;
09:41:28:623 |Trace|thread 28|  |  set TV RGB: 146, 146, 146
09:41:28:623 |Trace|thread 28|  |  Write TV => 12 146 146 146
09:41:28:623 |Trace|thread 28|  |  case=13; Timer.Interval=65;
09:41:28:685 |Trace|thread 14|  |  Read byte <= 172 4 0 79
09:41:28:685 |Trace|thread 14|  |  Read hex <= ac04004f
09:41:28:701 |Trace|thread 28|  |  case=13; Timer.Interval=65;
09:41:29:014 |Trace|thread 28|  |  Measure=273,1, 301,2; Lv=260,6;
09:41:29:014 |Trace|thread 28|  |  set TV RGB: 148, 148, 148
09:41:29:014 |Trace|thread 28|  |  Write TV => 12 148 148 148
09:41:29:014 |Trace|thread 28|  |  case=13; Timer.Interval=65;
09:41:29:076 |Trace|thread 6|  |  Read byte <= 172 4 0 79
09:41:29:076 |Trace|thread 6|  |  Read hex <= ac04004f
09:41:29:092 |Trace|thread 28|  |  case=13; Timer.Interval=65;
09:41:29:404 |Trace|thread 28|  |  Measure=274,1, 304,6; Lv=278,3;
09:41:29:404 |Trace|thread 28|  |  set TV RGB: 150, 150, 150
09:41:29:404 |Trace|thread 28|  |  Write TV => 12 150 150 150
09:41:29:404 |Trace|thread 28|  |  case=13; Timer.Interval=65;
09:41:29:451 |Trace|thread 6|  |  Read byte <= 172 4 0 79
09:41:29:451 |Trace|thread 6|  |  Read hex <= ac04004f
09:41:29:482 |Trace|thread 28|  |  case=13; Timer.Interval=65;
09:41:29:795 |Trace|thread 28|  |  Measure=275,1, 306,1; Lv=282,1;
09:41:29:795 |Trace|thread 28|  |  set TV RGB: 152, 152, 152
09:41:29:795 |Trace|thread 28|  |  Write TV => 12 152 152 152
09:41:29:795 |Trace|thread 28|  |  case=13; Timer.Interval=65;
09:41:29:857 |Trace|thread 6|  |  Read byte <= 172 4 0 79
09:41:29:857 |Trace|thread 6|  |  Read hex <= ac04004f
09:41:29:873 |Trace|thread 28|  |  case=13; Timer.Interval=65;
09:41:30:185 |Trace|thread 28|  |  Measure=275,1, 306,1; Lv=282,1;
09:41:30:264 |Trace|thread 28|  |  case=14; Timer.Interval=75;
09:41:30:373 |Trace|thread 28|  |  Write TV => 10 1 0 0
09:41:30:373 |Trace|thread 28|  |  case=15; Timer.Interval=75;
09:41:30:420 |Trace|thread 28|  |  case=15; Timer.Interval=75;
09:41:30:498 |Trace|thread 28|  |  case=15; Timer.Interval=75;
09:41:30:576 |Trace|thread 28|  |  case=15; Timer.Interval=75;
09:41:30:592 |Trace|thread 6|  |  Read byte <= 172 4 0 79
09:41:30:592 |Trace|thread 6|  |  Read hex <= ac04004f
09:41:30:654 |Trace|thread 28|  |  case=15; Timer.Interval=75;
09:41:31:357 |Trace|thread 28|  |  case=99; Timer.Interval=75;
09:41:31:436 |Trace|thread 28|  |  case=120; Timer.Interval=75;
09:41:31:436 |Trace|thread 28|  |  Write TV => 16 0 0 0
09:41:31:467 |Trace|thread 6|  |  Read byte <= 172 4 0 79
09:41:31:467 |Trace|thread 6|  |  Read hex <= ac04004f
09:41:31:514 |Trace|thread 28|  |  case=121; Timer.Interval=75;
09:41:31:592 |Trace|thread 28|  |  case=0; Timer.Interval=75;
09:41:31:670 |Trace|thread 28|  |  case=0; Timer.Interval=75;
09:41:31:748 |Trace|thread 28|  |  case=0; Timer.Interval=75;
09:41:31:826 |Trace|thread 28|  |  case=0; Timer.Interval=75;
09:41:31:904 |Trace|thread 28|  |  case=0; Timer.Interval=75;
09:41:31:982 |Trace|thread 28|  |  case=0; Timer.Interval=75;
09:41:32:061 |Trace|thread 28|  |  case=0; Timer.Interval=75;
09:41:32:139 |Trace|thread 28|  |  case=0; Timer.Interval=75;
09:41:32:217 |Trace|thread 28|  |  case=0; Timer.Interval=75;
09:41:32:295 |Trace|thread 28|  |  case=0; Timer.Interval=75;
09:41:32:373 |Trace|thread 28|  |  case=0; Timer.Interval=75;
09:41:32:451 |Trace|thread 28|  |  case=0; Timer.Interval=75;
09:41:32:529 |Trace|thread 28|  |  case=0; Timer.Interval=75;
09:41:32:608 |Trace|thread 28|  |  case=0; Timer.Interval=75;
09:41:32:686 |Trace|thread 28|  |  case=0; Timer.Interval=75;
09:41:32:764 |Trace|thread 28|  |  case=0; Timer.Interval=75;
09:41:32:842 |Trace|thread 28|  |  case=0; Timer.Interval=75;
09:41:32:920 |Trace|thread 28|  |  case=0; Timer.Interval=75;
09:41:32:998 |Trace|thread 28|  |  case=0; Timer.Interval=75;
09:41:33:076 |Trace|thread 28|  |  case=0; Timer.Interval=75;
09:41:33:154 |Trace|thread 28|  |  case=0; Timer.Interval=75;
09:41:33:233 |Trace|thread 28|  |  case=0; Timer.Interval=75;
09:41:33:311 |Trace|thread 28|  |  case=0; Timer.Interval=75;
09:41:33:389 |Trace|thread 28|  |  case=0; Timer.Interval=75;
09:41:33:467 |Trace|thread 28|  |  case=0; Timer.Interval=75;
09:41:33:545 |Trace|thread 28|  |  case=0; Timer.Interval=75;
09:41:33:623 |Trace|thread 28|  |  case=0; Timer.Interval=75;
09:41:33:701 |Trace|thread 28|  |  case=0; Timer.Interval=75;
09:41:33:779 |Trace|thread 28|  |  case=0; Timer.Interval=75;
09:41:33:858 |Trace|thread 28|  |  case=0; Timer.Interval=75;
09:41:33:936 |Trace|thread 28|  |  case=0; Timer.Interval=75;
09:41:34:014 |Trace|thread 28|  |  case=0; Timer.Interval=75;
09:41:34:092 |Trace|thread 28|  |  case=0; Timer.Interval=75;
09:41:34:170 |Trace|thread 28|  |  case=0; Timer.Interval=75;
09:41:34:248 |Trace|thread 28|  |  case=0; Timer.Interval=75;
09:41:34:326 |Trace|thread 28|  |  case=0; Timer.Interval=75;
09:41:34:405 |Trace|thread 28|  |  case=0; Timer.Interval=75;
09:41:34:483 |Trace|thread 28|  |  case=0; Timer.Interval=75;
09:41:34:561 |Trace|thread 28|  |  case=0; Timer.Interval=75;
09:41:34:639 |Trace|thread 28|  |  case=0; Timer.Interval=75;
09:41:34:717 |Trace|thread 28|  |  case=0; Timer.Interval=75;
09:41:34:795 |Trace|thread 28|  |  case=0; Timer.Interval=75;
09:41:34:873 |Trace|thread 28|  |  case=0; Timer.Interval=75;
09:41:34:951 |Trace|thread 28|  |  case=0; Timer.Interval=75;
09:41:35:030 |Trace|thread 28|  |  case=0; Timer.Interval=75;
09:41:35:108 |Trace|thread 28|  |  case=0; Timer.Interval=75;
09:41:35:186 |Trace|thread 28|  |  case=0; Timer.Interval=75;
09:41:35:264 |Trace|thread 28|  |  case=0; Timer.Interval=75;
09:41:35:342 |Trace|thread 28|  |  case=0; Timer.Interval=75;
09:41:35:420 |Trace|thread 28|  |  case=0; Timer.Interval=75;
09:41:35:498 |Trace|thread 28|  |  case=0; Timer.Interval=75;
09:41:35:576 |Trace|thread 28|  |  case=0; Timer.Interval=75;
09:41:35:655 |Trace|thread 28|  |  case=0; Timer.Interval=75;
09:41:35:733 |Trace|thread 28|  |  case=0; Timer.Interval=75;
09:41:35:811 |Trace|thread 28|  |  case=0; Timer.Interval=75;
09:41:35:889 |Trace|thread 28|  |  case=0; Timer.Interval=75;
09:41:35:967 |Trace|thread 28|  |  case=0; Timer.Interval=75;
09:41:36:045 |Trace|thread 28|  |  case=0; Timer.Interval=75;
09:41:36:123 |Trace|thread 28|  |  case=0; Timer.Interval=75;
09:41:36:202 |Trace|thread 28|  |  case=0; Timer.Interval=75;
09:41:36:280 |Trace|thread 28|  |  case=0; Timer.Interval=75;
09:41:36:358 |Trace|thread 28|  |  case=0; Timer.Interval=75;
09:41:36:436 |Trace|thread 28|  |  case=0; Timer.Interval=75;
09:41:36:514 |Trace|thread 28|  |  case=0; Timer.Interval=75;
09:41:36:592 |Trace|thread 28|  |  case=0; Timer.Interval=75;
09:41:36:670 |Trace|thread 28|  |  case=0; Timer.Interval=75;
09:41:36:748 |Trace|thread 28|  |  case=0; Timer.Interval=75;
09:41:36:827 |Trace|thread 28|  |  case=0; Timer.Interval=75;
09:41:36:905 |Trace|thread 28|  |  case=0; Timer.Interval=75;
09:41:36:983 |Trace|thread 28|  |  case=0; Timer.Interval=75;
09:41:37:061 |Trace|thread 28|  |  case=0; Timer.Interval=75;
09:41:37:139 |Trace|thread 28|  |  case=0; Timer.Interval=75;
09:41:37:217 |Trace|thread 28|  |  case=0; Timer.Interval=75;
09:41:37:295 |Trace|thread 28|  |  case=0; Timer.Interval=75;
09:41:37:373 |Trace|thread 28|  |  case=0; Timer.Interval=75;
09:41:37:452 |Trace|thread 28|  |  case=0; Timer.Interval=75;
09:41:37:530 |Trace|thread 28|  |  case=0; Timer.Interval=75;
09:41:37:608 |Trace|thread 28|  |  case=0; Timer.Interval=75;
09:41:37:686 |Trace|thread 28|  |  case=0; Timer.Interval=75;
09:41:37:764 |Trace|thread 28|  |  case=0; Timer.Interval=75;
09:41:37:842 |Trace|thread 28|  |  case=0; Timer.Interval=75;
09:41:37:920 |Trace|thread 28|  |  case=0; Timer.Interval=75;
09:41:37:999 |Trace|thread 28|  |  case=0; Timer.Interval=75;
09:41:38:077 |Trace|thread 28|  |  case=0; Timer.Interval=75;
09:41:38:155 |Trace|thread 28|  |  case=0; Timer.Interval=75;
09:41:38:233 |Trace|thread 28|  |  case=0; Timer.Interval=75;
09:41:38:311 |Trace|thread 28|  |  case=0; Timer.Interval=75;
09:41:38:389 |Trace|thread 28|  |  case=0; Timer.Interval=75;
09:41:38:467 |Trace|thread 28|  |  case=0; Timer.Interval=75;
09:41:38:545 |Trace|thread 28|  |  case=0; Timer.Interval=75;
09:41:38:624 |Trace|thread 28|  |  case=0; Timer.Interval=75;
09:41:38:702 |Trace|thread 28|  |  case=0; Timer.Interval=75;
09:41:38:780 |Trace|thread 28|  |  case=0; Timer.Interval=75;
09:41:38:858 |Trace|thread 28|  |  case=0; Timer.Interval=75;
09:41:38:936 |Trace|thread 28|  |  case=0; Timer.Interval=75;
09:41:39:014 |Trace|thread 28|  |  case=0; Timer.Interval=75;
09:41:39:092 |Trace|thread 28|  |  case=0; Timer.Interval=75;
09:41:39:170 |Trace|thread 28|  |  case=0; Timer.Interval=75;
09:41:39:249 |Trace|thread 28|  |  case=0; Timer.Interval=75;
09:41:39:327 |Trace|thread 28|  |  case=0; Timer.Interval=75;
09:41:39:405 |Trace|thread 28|  |  case=0; Timer.Interval=75;
09:41:39:483 |Trace|thread 28|  |  case=0; Timer.Interval=75;
09:41:39:561 |Trace|thread 28|  |  case=0; Timer.Interval=75;
09:41:39:639 |Trace|thread 28|  |  case=0; Timer.Interval=75;
09:41:39:717 |Trace|thread 28|  |  case=0; Timer.Interval=75;
09:41:39:796 |Trace|thread 28|  |  case=0; Timer.Interval=75;
09:41:39:874 |Trace|thread 28|  |  case=0; Timer.Interval=75;
09:41:39:952 |Trace|thread 28|  |  case=0; Timer.Interval=75;
09:41:40:030 |Trace|thread 28|  |  case=0; Timer.Interval=75;
09:41:40:108 |Trace|thread 28|  |  case=0; Timer.Interval=75;
09:41:40:186 |Trace|thread 28|  |  case=0; Timer.Interval=75;
09:41:40:264 |Trace|thread 28|  |  case=0; Timer.Interval=75;
09:41:40:342 |Trace|thread 28|  |  case=0; Timer.Interval=75;
09:41:40:421 |Trace|thread 28|  |  case=0; Timer.Interval=75;
09:41:40:499 |Trace|thread 28|  |  case=0; Timer.Interval=75;
09:41:40:577 |Trace|thread 28|  |  case=0; Timer.Interval=75;
09:41:40:655 |Trace|thread 28|  |  case=0; Timer.Interval=75;
09:41:40:733 |Trace|thread 28|  |  case=0; Timer.Interval=75;
09:41:40:811 |Trace|thread 28|  |  case=0; Timer.Interval=75;
09:41:40:889 |Trace|thread 28|  |  case=0; Timer.Interval=75;
09:41:40:967 |Trace|thread 28|  |  case=0; Timer.Interval=75;
09:41:41:046 |Trace|thread 28|  |  case=0; Timer.Interval=75;
09:41:41:124 |Trace|thread 28|  |  case=0; Timer.Interval=75;
09:41:41:202 |Trace|thread 28|  |  case=0; Timer.Interval=75;
09:41:41:280 |Trace|thread 28|  |  case=0; Timer.Interval=75;
09:41:41:358 |Trace|thread 28|  |  case=0; Timer.Interval=75;
09:41:41:436 |Trace|thread 28|  |  case=0; Timer.Interval=75;
09:41:41:514 |Trace|thread 28|  |  case=0; Timer.Interval=75;
09:41:41:593 |Trace|thread 28|  |  case=0; Timer.Interval=75;
09:41:41:671 |Trace|thread 28|  |  case=0; Timer.Interval=75;
09:41:41:749 |Trace|thread 28|  |  case=0; Timer.Interval=75;
09:41:41:827 |Trace|thread 28|  |  case=0; Timer.Interval=75;
09:41:41:905 |Trace|thread 28|  |  case=0; Timer.Interval=75;
09:41:41:983 |Trace|thread 28|  |  case=0; Timer.Interval=75;
09:41:42:061 |Trace|thread 28|  |  case=0; Timer.Interval=75;
09:41:42:139 |Trace|thread 28|  |  case=0; Timer.Interval=75;
09:41:42:218 |Trace|thread 28|  |  case=0; Timer.Interval=75;
09:41:42:296 |Trace|thread 28|  |  case=0; Timer.Interval=75;
09:41:42:374 |Trace|thread 28|  |  case=0; Timer.Interval=75;
09:41:42:452 |Trace|thread 28|  |  case=0; Timer.Interval=75;
09:41:42:530 |Trace|thread 28|  |  case=0; Timer.Interval=75;
09:41:42:608 |Trace|thread 28|  |  case=0; Timer.Interval=75;
09:41:42:686 |Trace|thread 28|  |  case=0; Timer.Interval=75;
09:41:42:764 |Trace|thread 28|  |  case=0; Timer.Interval=75;
09:41:42:843 |Trace|thread 28|  |  case=0; Timer.Interval=75;
09:41:42:921 |Trace|thread 28|  |  case=0; Timer.Interval=75;
09:41:42:999 |Trace|thread 28|  |  case=0; Timer.Interval=75;
09:41:43:077 |Trace|thread 28|  |  case=0; Timer.Interval=75;
09:41:43:155 |Trace|thread 28|  |  case=0; Timer.Interval=75;
09:41:43:233 |Trace|thread 28|  |  case=0; Timer.Interval=75;
09:41:43:311 |Trace|thread 28|  |  case=0; Timer.Interval=75;
09:41:43:390 |Trace|thread 28|  |  case=0; Timer.Interval=75;
09:41:43:468 |Trace|thread 28|  |  case=0; Timer.Interval=75;
09:41:43:546 |Trace|thread 28|  |  case=0; Timer.Interval=75;
09:41:43:624 |Trace|thread 28|  |  case=0; Timer.Interval=75;
09:41:43:702 |Trace|thread 28|  |  case=0; Timer.Interval=75;
09:41:43:780 |Trace|thread 28|  |  case=0; Timer.Interval=75;
09:41:43:858 |Trace|thread 28|  |  case=0; Timer.Interval=75;
09:41:43:936 |Trace|thread 28|  |  case=0; Timer.Interval=75;
09:41:44:015 |Trace|thread 28|  |  case=0; Timer.Interval=75;
09:41:44:093 |Trace|thread 28|  |  case=0; Timer.Interval=75;
09:41:44:171 |Trace|thread 28|  |  case=0; Timer.Interval=75;
09:41:44:249 |Trace|thread 28|  |  case=0; Timer.Interval=75;
09:41:44:327 |Trace|thread 28|  |  case=0; Timer.Interval=75;
09:41:44:405 |Trace|thread 28|  |  case=0; Timer.Interval=75;
09:41:44:483 |Trace|thread 28|  |  case=0; Timer.Interval=75;
09:41:44:561 |Trace|thread 28|  |  case=0; Timer.Interval=75;
09:41:44:640 |Trace|thread 28|  |  case=0; Timer.Interval=75;
09:41:44:718 |Trace|thread 28|  |  case=0; Timer.Interval=75;
09:41:44:796 |Trace|thread 28|  |  case=0; Timer.Interval=75;
09:41:44:874 |Trace|thread 28|  |  case=0; Timer.Interval=75;
09:41:44:952 |Trace|thread 28|  |  case=0; Timer.Interval=75;
09:41:45:030 |Trace|thread 28|  |  case=0; Timer.Interval=75;
09:41:45:108 |Trace|thread 28|  |  case=0; Timer.Interval=75;
09:41:45:187 |Trace|thread 28|  |  case=0; Timer.Interval=75;
09:41:45:358 |Trace|thread 28|  |  uColorTempAdj_Data=: 
0,128,128,128
1,148,148,148
2,128,128,128

09:41:45:358 |Trace|thread 28|  |  END
