09:01:26:760 |Trace|thread 26|  |  START
09:01:27:588 |Debug|thread 26|  |  TempData: |0,128,128,128| SaveDataNumber=0|
09:01:27:588 |Debug|thread 26|  |  TempData: |1,128,128,128| SaveDataNumber=0|
09:01:27:588 |Debug|thread 26|  |  TempData: |2,128,128,128| SaveDataNumber=0|
09:01:27:588 |Debug|thread 26|  |  ReserveTempData: |0,128,128,128| ReservedSaveNumbers=0|
09:01:27:588 |Debug|thread 26|  |  ReserveTempData: |1,128,128,128| ReservedSaveNumbers=0|
09:01:27:588 |Debug|thread 26|  |  ReserveTempData: |2,128,128,128| ReservedSaveNumbers=0|
09:01:27:588 |Trace|thread 26|  |  ColorTemp default=
0,128,128,128
1,128,128,128
2,128,128,128

09:01:27:604 |Trace|thread 26|  |  StartDataFile -> uColorTemp_StartStepSum=
0,0,0,0,0
1,0,0,0,0
2,0,0,0,0
3,128
09:01:27:697 |Debug|thread 26|  |  START panasonic TX-32DR300ZZ; sn=;
09:01:29:307 |Trace|thread 26|  |  case=1; Timer.Interval=75;
09:01:29:307 |Trace|thread 26|  |  Write TV => 16 1 0 0
09:01:29:354 |Trace|thread 19|  |  Read byte <= 172 4 0 79
09:01:29:354 |Trace|thread 19|  |  Read hex <= ac04004f
09:01:29:401 |Trace|thread 26|  |  case=2; Timer.Interval=80;
09:01:29:401 |Trace|thread 26|  |  Write TV => 11 0 0 0
09:01:29:432 |Trace|thread 21|  |  Read byte <= 172 12 139 131 122 149 141 122 147 132 109 159
09:01:29:432 |Trace|thread 21|  |  Read hex <= ac0c8b837a958d7a93846d9f
09:01:29:432 |Trace|thread 21|  |  TV -> ColorTemp -> TempDataFile:
0,139,131,122
1,149,141,122
2,147,132,109

09:01:29:494 |Trace|thread 26|  |  case=3; Timer.Interval=80;
09:01:29:588 |Trace|thread 26|  |  case=7; Timer.Interval=80;
09:01:29:588 |Debug|thread 26|  |  set TV = COOL
09:01:29:588 |Trace|thread 26|  |  Write TV => 1 0 0 0
09:01:29:651 |Trace|thread 17|  |  Read byte <= 172 4 0 79
09:01:29:651 |Trace|thread 17|  |  Read hex <= ac04004f
09:01:29:682 |Trace|thread 26|  |  case=8; Timer.Interval=80;
09:01:29:901 |Trace|thread 13|  |  Read byte <= 103 95 97 115 116 86 105 100 101 111 91 54 93 32 99 104 97 110 103 101 100 13 10
09:01:29:901 |Trace|thread 13|  |  Read hex <= 675f617374566964656f5b365d206368616e6765640d0a
09:01:29:932 |Trace|thread 18|  |  Read byte <= 32 67 97 110 39 116 32 102 105 110 100 32 97 110 121 32 101 109 112 116 121 32 117 110 105 116 44 32 110 101 101 100 32 116 111 32 101 114 97 115 101 13 10
09:01:29:932 |Trace|thread 18|  |  Read hex <= 2043616e27742066696e6420616e7920656d70747920756e69742c206e65656420746f2065726173650d0a
09:01:29:963 |Trace|thread 22|  |  Read byte <= 69 114 97 115 101 32 102 108 97 115 104 32 98 97 110 107 61 48 120 55 70 13 10 95 109 115 65 80 73 95 68 66 95 71 69 78 95 69 114 97 115 101 70 108 97 115 104 40 117 56 66 97 110 107 61 48 120 55 70 44 32 119 97 105 116 61 48 41 13 10
09:01:29:963 |Trace|thread 22|  |  Read hex <= 457261736520666c6173682062616e6b3d307837460d0a5f6d734150495f44425f47454e5f4572617365466c61736828753842616e6b3d307837462c20776169743d30290d0a
09:01:30:041 |Trace|thread 13|  |  Read byte <= 71 69 78 58 32 70 108 97 115 104 32 98 117 115 121 13 10
09:01:30:041 |Trace|thread 13|  |  Read hex <= 47454e3a20466c61736820627573790d0a
09:01:30:151 |Trace|thread 18|  |  Read byte <= 71 69 78 58 32 70 108 97 115 104 32 98 117 115 121 13 10
09:01:30:151 |Trace|thread 18|  |  Read hex <= 47454e3a20466c61736820627573790d0a
09:01:30:244 |Trace|thread 17|  |  Read byte <= 71 69 78 58 32 70 108 97 115 104 32 98 117 115 121 13 10
09:01:30:244 |Trace|thread 17|  |  Read hex <= 47454e3a20466c61736820627573790d0a
09:01:30:291 |Trace|thread 26|  |  Measure=2885, 3173; Lv=205;
09:01:30:291 |Debug|thread 26|  |  before=2885,3173,205
09:01:30:291 |Debug|thread 26|  |  set TV = NORMAL
09:01:30:291 |Trace|thread 26|  |  Write TV => 1 1 0 0
09:01:30:291 |Trace|thread 26|  |  case=9; Timer.Interval=80;
09:01:30:354 |Trace|thread 20|  |  Read byte <= 172 4 0 79
09:01:30:354 |Trace|thread 20|  |  Read hex <= ac04004f
09:01:30:448 |Trace|thread 18|  |  Read byte <= 32 62 62 32 87 114 105 116 101 32 102 108 97 115 104 32 100 111 110 101 126 32 61 62 32 85 110 105 116 73 100 120 61 56 44 32 119 116 61 56 55 51 44 32 117 115 101 32 53 51 109 115 13 10
09:01:30:448 |Trace|thread 18|  |  Read hex <= 203e3e20577269746520666c61736820646f6e657e203d3e20556e69744964783d382c2077743d3837332c207573652035336d730d0a
09:01:30:916 |Trace|thread 26|  |  Measure=2990, 3389; Lv=243,5;
09:01:30:916 |Debug|thread 26|  |  before=2990,3389,243,5
09:01:30:916 |Debug|thread 26|  |  set TV = WARM
09:01:30:916 |Trace|thread 26|  |  Write TV => 1 2 0 0
09:01:30:916 |Trace|thread 26|  |  case=10; Timer.Interval=80;
09:01:30:963 |Trace|thread 14|  |  Read byte <= 172 4 0 79
09:01:30:963 |Trace|thread 14|  |  Read hex <= ac04004f
09:01:31:541 |Trace|thread 26|  |  Measure=3113, 3478; Lv=210,8;
09:01:31:541 |Debug|thread 26|  |  before=3113,3478,210,8
09:01:31:541 |Debug|thread 26|  |  set TV = NORMAL
09:01:31:541 |Trace|thread 26|  |  Write TV => 1 1 0 0
09:01:31:541 |Trace|thread 26|  |  case=5; Timer.Interval=80;
09:01:31:588 |Trace|thread 14|  |  Read byte <= 172 4 0 79
09:01:31:588 |Trace|thread 14|  |  Read hex <= ac04004f
09:01:31:620 |Trace|thread 26|  |  case=11; Timer.Interval=65;
09:01:31:916 |Trace|thread 14|  |  Read byte <= 103 95 97 115 116 86 105 100 101 111 91 54 93 32 99 104 97 110 103 101 100 13 10
09:01:31:916 |Trace|thread 14|  |  Read hex <= 675f617374566964656f5b365d206368616e6765640d0a
09:01:32:026 |Trace|thread 20|  |  Read byte <= 32 62 62 32 87 114 105 116 101 32 102 108 97 115 104 32 100 111 110 101 126 32 61 62 32 85 110 105 116 73 100 120 61 57 44 32 119 116 61 56 55 52 44 32 117 115 101 32 54 48 109 115 13 10
09:01:32:026 |Trace|thread 20|  |  Read hex <= 203e3e20577269746520666c61736820646f6e657e203d3e20556e69744964783d392c2077743d3837342c207573652036306d730d0a
09:01:32:229 |Trace|thread 26|  |  Measure=2990, 3389; Lv=243,5;
09:01:32:432 |Trace|thread 26|  |  set TV RGB: 128, 128, 128
09:01:32:432 |Trace|thread 26|  |  Write TV => 12 128 128 128
09:01:32:432 |Trace|thread 26|  |  case=12; Timer.Interval=65;
09:01:32:479 |Trace|thread 26|  |  case=12; Timer.Interval=65;
09:01:32:495 |Trace|thread 15|  |  Read byte <= 172 4 0 79
09:01:32:495 |Trace|thread 15|  |  Read hex <= ac04004f
09:01:32:557 |Trace|thread 26|  |  case=12; Timer.Interval=65;
09:01:33:167 |Trace|thread 26|  |  Measure=2719, 2959; Lv=192,2;
09:01:33:167 |Trace|thread 26|  |  set TV RGB: 136, 136, 136
09:01:33:167 |Trace|thread 26|  |  Write TV => 12 136 136 136
09:01:33:167 |Trace|thread 26|  |  case=13; Timer.Interval=65;
09:01:33:182 |Trace|thread 26|  |  case=13; Timer.Interval=65;
09:01:33:213 |Trace|thread 20|  |  Read byte <= 172 4 0 79
09:01:33:213 |Trace|thread 20|  |  Read hex <= ac04004f
09:01:33:260 |Trace|thread 26|  |  case=13; Timer.Interval=65;
09:01:33:870 |Trace|thread 26|  |  Measure=2726, 2987; Lv=224;
09:01:33:870 |Trace|thread 26|  |  set TV RGB: 144, 144, 144
09:01:33:870 |Trace|thread 26|  |  Write TV => 12 144 144 144
09:01:33:870 |Trace|thread 26|  |  case=13; Timer.Interval=65;
09:01:33:885 |Trace|thread 26|  |  case=13; Timer.Interval=65;
09:01:33:932 |Trace|thread 21|  |  Read byte <= 172 4 0 79 103 95 97 115 116 87 104 105 116 101 66 97 108 97 110 99 101 32 99 104 97 110 103 101 100 33 13 10 71 95 70 65 67 84 79 82 89 95 83 69 84 84 73 78 71 32 99 104 97 110 103 101 100 33 13 10
09:01:33:932 |Trace|thread 21|  |  Read hex <= ac04004f675f617374576869746542616c616e6365206368616e676564210d0a475f464143544f52595f53455454494e47206368616e676564210d0a
09:01:33:963 |Trace|thread 26|  |  case=13; Timer.Interval=65;
09:01:34:042 |Trace|thread 26|  |  case=13; Timer.Interval=65;
09:01:34:042 |Trace|thread 13|  |  Read byte <= 32 62 62 32 87 114 105 116 101 32 102 108 97 115 104 32 100 111 110 101 126 32 61 62 32 85 110 105 116 73 100 120 61 49 48 44 32 119 116 61 56 55 53 44 32 117 115 101 32 54 48 109 115 13 10
09:01:34:042 |Trace|thread 13|  |  Read hex <= 203e3e20577269746520666c61736820646f6e657e203d3e20556e69744964783d31302c2077743d3837352c207573652036306d730d0a
09:01:34:120 |Trace|thread 26|  |  case=13; Timer.Interval=65;
09:01:34:198 |Trace|thread 26|  |  case=13; Timer.Interval=65;
09:01:34:276 |Trace|thread 26|  |  case=13; Timer.Interval=65;
09:01:34:354 |Trace|thread 26|  |  case=13; Timer.Interval=65;
09:01:34:432 |Trace|thread 26|  |  case=13; Timer.Interval=65;
09:01:34:510 |Trace|thread 26|  |  case=13; Timer.Interval=65;
09:01:34:589 |Trace|thread 26|  |  case=13; Timer.Interval=65;
09:01:34:667 |Trace|thread 26|  |  case=13; Timer.Interval=65;
09:01:34:745 |Trace|thread 26|  |  case=13; Timer.Interval=65;
09:01:34:823 |Trace|thread 26|  |  case=13; Timer.Interval=65;
09:01:34:901 |Trace|thread 26|  |  case=13; Timer.Interval=65;
09:01:34:979 |Trace|thread 26|  |  case=13; Timer.Interval=65;
09:01:34:979 |Trace|thread 26|  |  set TV RGB: 144, 144, 144
09:01:34:979 |Trace|thread 26|  |  Write TV => 12 144 144 144
09:01:35:042 |Trace|thread 13|  |  Read byte <= 172 4 0 79
09:01:35:042 |Trace|thread 13|  |  Read hex <= ac04004f
09:01:35:057 |Trace|thread 26|  |  case=13; Timer.Interval=65;
09:01:35:667 |Trace|thread 26|  |  Measure=2738, 3021; Lv=257,6;
09:01:35:667 |Trace|thread 26|  |  set TV RGB: 152, 152, 152
09:01:35:667 |Trace|thread 26|  |  Write TV => 12 152 152 152
09:01:35:667 |Trace|thread 26|  |  case=13; Timer.Interval=65;
09:01:35:682 |Trace|thread 26|  |  case=13; Timer.Interval=65;
09:01:35:714 |Trace|thread 15|  |  Read byte <= 172 4 0 79
09:01:35:714 |Trace|thread 15|  |  Read hex <= ac04004f
09:01:35:760 |Trace|thread 26|  |  case=13; Timer.Interval=65;
09:01:35:948 |Trace|thread 17|  |  Read byte <= 103 95 97 115 116 87 104 105 116 101 66 97 108 97 110 99 101 32 99 104 97 110 103 101 100 33 13 10 71 95 70 65 67 84 79 82 89 95 83 69 84 84 73 78 71 32 99 104 97 110 103 101 100 33 13 10
09:01:35:948 |Trace|thread 17|  |  Read hex <= 675f617374576869746542616c616e6365206368616e676564210d0a475f464143544f52595f53455454494e47206368616e676564210d0a
09:01:36:057 |Trace|thread 15|  |  Read byte <= 32 62 62 32 87 114 105 116 101 32 102 108 97 115 104 32 100 111 110 101 126 32 61 62 32 85 110 105 116 73 100 120 61 49 49 44 32 119 116 61 56 55 54 44 32 117 115 101 32 54 48 109 115 13 10
09:01:36:057 |Trace|thread 15|  |  Read hex <= 203e3e20577269746520666c61736820646f6e657e203d3e20556e69744964783d31312c2077743d3837362c207573652036306d730d0a
09:01:36:370 |Trace|thread 26|  |  Measure=2757, 3069; Lv=283,7;
09:01:36:370 |Trace|thread 26|  |  set TV RGB: 160, 160, 160
09:01:36:370 |Trace|thread 26|  |  Write TV => 12 160 160 160
09:01:36:370 |Trace|thread 26|  |  case=13; Timer.Interval=65;
09:01:36:386 |Trace|thread 26|  |  case=13; Timer.Interval=65;
09:01:36:432 |Trace|thread 21|  |  Read byte <= 172 4 0 79
09:01:36:432 |Trace|thread 21|  |  Read hex <= ac04004f
09:01:36:464 |Trace|thread 26|  |  case=13; Timer.Interval=65;
09:01:37:073 |Trace|thread 26|  |  Measure=2757, 3068; Lv=283,7;
09:01:37:073 |Trace|thread 26|  |  set TV RGB: 144, 144, 144
09:01:37:073 |Trace|thread 26|  |  Write TV => 12 144 144 144
09:01:37:073 |Trace|thread 26|  |  case=13; Timer.Interval=65;
09:01:37:089 |Trace|thread 26|  |  case=13; Timer.Interval=65;
09:01:37:136 |Trace|thread 17|  |  Read byte <= 172 4 0 79
09:01:37:136 |Trace|thread 17|  |  Read hex <= ac04004f
09:01:37:167 |Trace|thread 26|  |  case=13; Timer.Interval=65;
09:01:37:776 |Trace|thread 26|  |  Measure=2738, 3020; Lv=257,7;
09:01:37:776 |Trace|thread 26|  |  set TV RGB: 148, 148, 148
09:01:37:776 |Trace|thread 26|  |  Write TV => 12 148 148 148
09:01:37:776 |Trace|thread 26|  |  case=13; Timer.Interval=65;
09:01:37:792 |Trace|thread 26|  |  case=13; Timer.Interval=65;
09:01:37:839 |Trace|thread 18|  |  Read byte <= 172 4 0 79
09:01:37:839 |Trace|thread 18|  |  Read hex <= ac04004f
09:01:37:870 |Trace|thread 26|  |  case=13; Timer.Interval=65;
09:01:37:964 |Trace|thread 20|  |  Read byte <= 103 95 97 115 116 87 104 105 116 101 66 97 108 97 110 99 101 32 99 104 97 110 103 101 100 33 13 10 71 95 70 65 67 84 79 82 89 95 83 69 84 84 73 78 71 32 99 104 97 110 103 101 100 33 13 10
09:01:37:964 |Trace|thread 20|  |  Read hex <= 675f617374576869746542616c616e6365206368616e676564210d0a475f464143544f52595f53455454494e47206368616e676564210d0a
09:01:38:073 |Trace|thread 18|  |  Read byte <= 32 62 62 32 87 114 105 116 101 32 102 108 97 115 104 32 100 111 110 101 126 32 61 62 32 85 110 105 116 73 100 120 61 49 50 44 32 119 116 61 56 55 55 44 32 117 115 101 32 54 48 109 115 13 10
09:01:38:073 |Trace|thread 18|  |  Read hex <= 203e3e20577269746520666c61736820646f6e657e203d3e20556e69744964783d31322c2077743d3837372c207573652036306d730d0a
09:01:38:479 |Trace|thread 26|  |  Measure=2749, 3058; Lv=281,3;
09:01:38:479 |Trace|thread 26|  |  set TV RGB: 152, 152, 152
09:01:38:479 |Trace|thread 26|  |  Write TV => 12 152 152 152
09:01:38:479 |Trace|thread 26|  |  case=13; Timer.Interval=65;
09:01:38:495 |Trace|thread 26|  |  case=13; Timer.Interval=65;
09:01:38:526 |Trace|thread 15|  |  Read byte <= 172 4 0 79
09:01:38:526 |Trace|thread 15|  |  Read hex <= ac04004f
09:01:38:573 |Trace|thread 26|  |  case=13; Timer.Interval=65;
09:01:39:183 |Trace|thread 26|  |  Measure=2757, 3069; Lv=283,7;
09:01:39:183 |Trace|thread 26|  |  set TV RGB: 156, 156, 156
09:01:39:183 |Trace|thread 26|  |  Write TV => 12 156 156 156
09:01:39:183 |Trace|thread 26|  |  case=13; Timer.Interval=65;
09:01:39:198 |Trace|thread 26|  |  case=13; Timer.Interval=65;
09:01:39:229 |Trace|thread 21|  |  Read byte <= 172 4 0 79
09:01:39:229 |Trace|thread 21|  |  Read hex <= ac04004f
09:01:39:276 |Trace|thread 26|  |  case=13; Timer.Interval=65;
09:01:39:886 |Trace|thread 26|  |  Measure=2757, 3069; Lv=283,7;
09:01:39:886 |Trace|thread 26|  |  set TV RGB: 148, 148, 148
09:01:39:886 |Trace|thread 26|  |  Write TV => 12 148 148 148
09:01:39:886 |Trace|thread 26|  |  case=13; Timer.Interval=65;
09:01:39:901 |Trace|thread 26|  |  case=13; Timer.Interval=65;
09:01:39:933 |Trace|thread 17|  |  Read byte <= 172 4 0 79
09:01:39:933 |Trace|thread 17|  |  Read hex <= ac04004f
09:01:39:980 |Trace|thread 26|  |  case=13; Timer.Interval=65;
09:01:40:589 |Trace|thread 26|  |  Measure=2749, 3058; Lv=281,3;
09:01:40:589 |Trace|thread 26|  |  set TV RGB: 150, 150, 150
09:01:40:589 |Trace|thread 26|  |  Write TV => 12 150 150 150
09:01:40:589 |Trace|thread 26|  |  case=13; Timer.Interval=65;
09:01:40:605 |Trace|thread 26|  |  case=13; Timer.Interval=65;
09:01:40:636 |Trace|thread 17|  |  Read byte <= 172 4 0 79
09:01:40:636 |Trace|thread 17|  |  Read hex <= ac04004f
09:01:40:683 |Trace|thread 26|  |  case=13; Timer.Interval=65;
09:01:41:292 |Trace|thread 26|  |  Measure=2757, 3069; Lv=283,7;
09:01:41:292 |Trace|thread 26|  |  set TV RGB: 152, 152, 152
09:01:41:292 |Trace|thread 26|  |  Write TV => 12 152 152 152
09:01:41:292 |Trace|thread 26|  |  case=13; Timer.Interval=65;
09:01:41:308 |Trace|thread 26|  |  case=13; Timer.Interval=65;
09:01:41:355 |Trace|thread 18|  |  Read byte <= 172 4 0 79
09:01:41:355 |Trace|thread 18|  |  Read hex <= ac04004f
09:01:41:386 |Trace|thread 26|  |  case=13; Timer.Interval=65;
09:01:41:995 |Trace|thread 26|  |  Measure=2757, 3069; Lv=283,6;
09:01:41:995 |Trace|thread 12|  |  Read byte <= 103 95 97 115 116 87 104 105 116 101 66 97 108 97 110 99 101 32 99 104 97 110 103 101 100 33 13 10 71 95 70 65 67 84 79 82 89 95 83 69 84 84 73 78 71 32 99 104 97 110 103 101 100 33 13 10
09:01:41:995 |Trace|thread 12|  |  Read hex <= 675f617374576869746542616c616e6365206368616e676564210d0a475f464143544f52595f53455454494e47206368616e676564210d0a
09:01:42:073 |Trace|thread 26|  |  case=14; Timer.Interval=75;
09:01:42:089 |Trace|thread 20|  |  Read byte <= 32 62 62 32 87 114 105 116 101 32 102 108 97 115 104 32 100 111 110 101 126 32 61 62 32 85 110 105 116 73 100 120 61 49 51 44 32 119 116 61 56 55 56 44 32 117 115 101 32 54 48 109 115 13 10
09:01:42:089 |Trace|thread 20|  |  Read hex <= 203e3e20577269746520666c61736820646f6e657e203d3e20556e69744964783d31332c2077743d3837382c207573652036306d730d0a
09:01:42:183 |Trace|thread 26|  |  Write TV => 10 1 0 0
09:01:42:183 |Trace|thread 26|  |  case=15; Timer.Interval=75;
09:01:42:230 |Trace|thread 26|  |  case=15; Timer.Interval=75;
09:01:42:308 |Trace|thread 26|  |  case=15; Timer.Interval=75;
09:01:42:386 |Trace|thread 26|  |  case=15; Timer.Interval=75;
09:01:42:402 |Trace|thread 14|  |  Read byte <= 172 4 0 79
09:01:42:402 |Trace|thread 14|  |  Read hex <= ac04004f
09:01:42:464 |Trace|thread 26|  |  case=15; Timer.Interval=75;
09:01:43:589 |Trace|thread 26|  |  Measure=2757, 3069; Lv=283,6;
09:01:43:589 |Trace|thread 26|  |  Max Lv=283,6
09:01:43:589 |Trace|thread 26|  |  Write TV => 10 0 0 0
09:01:43:589 |Trace|thread 26|  |  case=25; Timer.Interval=75;
09:01:43:636 |Trace|thread 26|  |  case=25; Timer.Interval=75;
09:01:43:714 |Trace|thread 26|  |  case=25; Timer.Interval=75;
09:01:43:792 |Trace|thread 26|  |  case=25; Timer.Interval=75;
09:01:43:870 |Trace|thread 26|  |  case=25; Timer.Interval=75;
09:01:43:949 |Trace|thread 26|  |  case=25; Timer.Interval=75;
09:01:44:011 |Trace|thread 14|  |  Read byte <= 172 4 0 79
09:01:44:011 |Trace|thread 14|  |  Read hex <= ac04004f
09:01:44:027 |Trace|thread 26|  |  case=25; Timer.Interval=75;
09:01:44:105 |Trace|thread 26|  |  case=26; Timer.Interval=65;
09:01:44:105 |Debug|thread 26|  |  set TV = COOL
09:01:44:105 |Trace|thread 26|  |  Write TV => 1 0 0 0
09:01:44:167 |Trace|thread 12|  |  Read byte <= 172 4 0 79
09:01:44:167 |Trace|thread 12|  |  Read hex <= ac04004f
09:01:44:183 |Trace|thread 26|  |  case=27; Timer.Interval=65;
09:01:44:183 |Trace|thread 26|  |  set TV RGB: 139, 131, 122
09:01:44:183 |Trace|thread 26|  |  Write TV => 12 139 131 122
09:01:44:245 |Trace|thread 22|  |  Read byte <= 172 4 0 79
09:01:44:245 |Trace|thread 22|  |  Read hex <= ac04004f
09:01:44:261 |Trace|thread 26|  |  case=30; Timer.Interval=65;
09:01:44:870 |Trace|thread 26|  |  Measure=2883, 3172; Lv=205,4;
09:01:44:870 |Trace|thread 26|  |  case=98; Timer.Interval=65;
09:01:44:870 |Debug|thread 26|  |  final cool=2883,3172,205,4
09:01:44:870 |Info|thread 26| TVSender.WhiteBalanceChroma.OnTimerEvent |  uColorTemp_StartStepSum[0,0]=1
09:01:44:886 |Trace|thread 26|  |  case=26; Timer.Interval=65;
09:01:44:886 |Debug|thread 26|  |  set TV = NORMAL
09:01:44:886 |Trace|thread 26|  |  Write TV => 1 1 0 0
09:01:44:933 |Trace|thread 15|  |  Read byte <= 172 4 0 79
09:01:44:933 |Trace|thread 15|  |  Read hex <= ac04004f
09:01:44:964 |Trace|thread 26|  |  case=27; Timer.Interval=65;
09:01:44:964 |Trace|thread 26|  |  set TV RGB: 149, 141, 122
09:01:44:964 |Trace|thread 26|  |  Write TV => 12 149 141 122
09:01:45:011 |Trace|thread 13|  |  Read byte <= 172 4 0 79
09:01:45:011 |Trace|thread 13|  |  Read hex <= ac04004f
09:01:45:042 |Trace|thread 26|  |  case=30; Timer.Interval=65;
09:01:45:652 |Trace|thread 26|  |  Measure=2990, 3389; Lv=243,6;
09:01:45:652 |Trace|thread 26|  |  case=98; Timer.Interval=65;
09:01:45:652 |Debug|thread 26|  |  final normal=2990,3389,243,6
09:01:45:652 |Info|thread 26| TVSender.WhiteBalanceChroma.OnTimerEvent |  uColorTemp_StartStepSum[1,0]=1
09:01:45:667 |Trace|thread 26|  |  case=26; Timer.Interval=65;
09:01:45:667 |Debug|thread 26|  |  set TV = WARM
09:01:45:667 |Trace|thread 26|  |  Write TV => 1 2 0 0
09:01:45:699 |Trace|thread 15|  |  Read byte <= 172 4 0 79
09:01:45:699 |Trace|thread 15|  |  Read hex <= ac04004f
09:01:45:746 |Trace|thread 26|  |  case=27; Timer.Interval=65;
09:01:45:746 |Trace|thread 26|  |  set TV RGB: 147, 132, 109
09:01:45:746 |Trace|thread 26|  |  Write TV => 12 147 132 109
09:01:45:792 |Trace|thread 15|  |  Read byte <= 172 4 0 79
09:01:45:792 |Trace|thread 15|  |  Read hex <= ac04004f
09:01:45:824 |Trace|thread 26|  |  case=30; Timer.Interval=65;
09:01:46:042 |Trace|thread 20|  |  Read byte <= 103 95 97 115 116 86 105 100 101 111 91 54 93 32 99 104 97 110 103 101 100 13 10 103 95 97 115 116 87 104 105 116 101 66 97 108 97 110 99 101 32 99 104 97 110 103 101 100 33 13 10 71 95 70 65 67 84 79 82 89 95 83 69 84 84 73 78 71 32 99 104 97 110 103 101 100 33 13 10
09:01:46:042 |Trace|thread 20|  |  Read hex <= 675f617374566964656f5b365d206368616e6765640d0a675f617374576869746542616c616e6365206368616e676564210d0a475f464143544f52595f53455454494e47206368616e676564210d0a
09:01:46:136 |Trace|thread 20|  |  Read byte <= 32 62 62 32 87 114 105 116 101 32 102 108 97 115 104 32 100 111 110 101 126 32 61 62 32 85 110 105 116 73 100 120 61 49 52 44 32 119 116 61 56 55 57 44 32 117 115 101 32 54 48 109 115 13 10
09:01:46:136 |Trace|thread 20|  |  Read hex <= 203e3e20577269746520666c61736820646f6e657e203d3e20556e69744964783d31342c2077743d3837392c207573652036306d730d0a
09:01:46:433 |Trace|thread 26|  |  Measure=3113, 3478; Lv=210,6;
09:01:46:433 |Trace|thread 26|  |  case=98; Timer.Interval=65;
09:01:46:433 |Debug|thread 26|  |  final warm=3113,3478,210,6
09:01:46:433 |Info|thread 26| TVSender.WhiteBalanceChroma.OnTimerEvent |  uColorTemp_StartStepSum[2,0]=1
09:01:46:449 |Trace|thread 26|  |  case=99; Timer.Interval=65;
09:01:46:449 |Trace|thread 26|  |  Write TV => 8 0 0 0
09:01:46:480 |Trace|thread 20|  |  Read byte <= 172 4 0 79
09:01:46:480 |Trace|thread 20|  |  Read hex <= ac04004f
09:01:46:558 |Trace|thread 26|  |  case=100; Timer.Interval=100;
09:01:46:667 |Trace|thread 26|  |  case=110; Timer.Interval=100;
09:01:46:746 |Trace|thread 15|  |  Read byte <= 32 62 62 32 87 114 105 116 101 32 102 108 97 115 104 32 100 111 110 101 126 32 61 62 32 85 110 105 116 73 100 120 61 49 53 44 32 119 116 61 56 56 48 44 32 117 115 101 32 54 48 109 115 13 10
09:01:46:746 |Trace|thread 15|  |  Read hex <= 203e3e20577269746520666c61736820646f6e657e203d3e20556e69744964783d31352c2077743d3838302c207573652036306d730d0a
09:01:46:777 |Trace|thread 26|  |  case=111; Timer.Interval=100;
09:01:46:777 |Trace|thread 26|  |  Write uColorTempAdj_Data (overwrite=False) temp_data.txt: 
0,139,131,122
1,149,141,122
2,147,132,109

09:01:46:777 |Trace|thread 26|  |  Write uColorTemp_StartStepSum
0,1,0,0,0
1,1,0,0,0
2,1,0,0,0
3,170
09:01:46:855 |Trace|thread 26|  |  case=118; Timer.Interval=65;
09:01:46:855 |Debug|thread 26|  |  set TV = NORMAL
09:01:46:855 |Trace|thread 26|  |  Write TV => 1 1 0 0
09:01:46:917 |Trace|thread 15|  |  Read byte <= 172 4 0 79
09:01:46:917 |Trace|thread 15|  |  Read hex <= ac04004f
09:01:46:933 |Trace|thread 26|  |  case=119; Timer.Interval=65;
09:01:47:543 |Trace|thread 26|  |  Measure=2990, 3390; Lv=243,5;
09:01:47:543 |Trace|thread 26|  |  case=120; Timer.Interval=65;
09:01:47:543 |Trace|thread 26|  |  Write TV => 16 0 0 0
09:01:47:558 |Trace|thread 26|  |  case=121; Timer.Interval=65;
09:01:47:589 |Trace|thread 19|  |  Read byte <= 172 4 0 79
09:01:47:589 |Trace|thread 19|  |  Read hex <= ac04004f
09:01:47:636 |Trace|thread 26|  |  case=121; Timer.Interval=65;
09:01:47:652 |Trace|thread 26|  |  Write uColorTempAdj_Data (overwrite=True) last_tempdata.txt: 
0,139,131,122
1,149,141,122
2,147,132,109

09:01:47:652 |Trace|thread 26|  |  uColorTempAdj_Data=: 
0,139,131,122
1,149,141,122
2,147,132,109

09:01:47:652 |Trace|thread 26|  |  END
