09:03:26:690 |Trace|thread 23|  |  START
09:03:27:409 |Debug|thread 23|  |  TempData: |0,128,128,128| SaveDataNumber=0|
09:03:27:409 |Debug|thread 23|  |  TempData: |1,128,128,128| SaveDataNumber=0|
09:03:27:409 |Debug|thread 23|  |  TempData: |2,128,128,128| SaveDataNumber=0|
09:03:27:409 |Debug|thread 23|  |  ReserveTempData: |0,128,128,128| ReservedSaveNumbers=0|
09:03:27:409 |Debug|thread 23|  |  ReserveTempData: |1,128,128,128| ReservedSaveNumbers=0|
09:03:27:409 |Debug|thread 23|  |  ReserveTempData: |2,128,128,128| ReservedSaveNumbers=0|
09:03:27:409 |Trace|thread 23|  |  ColorTemp default=
0,128,128,128
1,128,128,128
2,128,128,128

09:03:27:424 |Trace|thread 23|  |  StartDataFile -> uColorTemp_StartStepSum=
0,0,0,0,0
1,0,0,0,0
2,0,0,0,0
3,128
09:03:27:518 |Debug|thread 23|  |  START panasonic TX-32DR300ZZ; sn=;
09:03:29:190 |Trace|thread 23|  |  case=1; Timer.Interval=75;
09:03:29:190 |Trace|thread 23|  |  Write TV => 16 1 0 0
09:03:29:253 |Trace|thread 13|  |  Read byte <= 172 4 0 79
09:03:29:253 |Trace|thread 13|  |  Read hex <= ac04004f
09:03:29:284 |Trace|thread 23|  |  case=2; Timer.Interval=80;
09:03:29:284 |Trace|thread 23|  |  Write TV => 11 0 0 0
09:03:29:331 |Trace|thread 12|  |  Read byte <= 172 12 139 131 122 149 141 122 147 132 109 159
09:03:29:331 |Trace|thread 12|  |  Read hex <= ac0c8b837a958d7a93846d9f
09:03:29:331 |Trace|thread 12|  |  TV -> ColorTemp -> TempDataFile:
0,139,131,122
1,149,141,122
2,147,132,109

09:03:29:378 |Trace|thread 23|  |  case=3; Timer.Interval=80;
09:03:29:471 |Trace|thread 23|  |  case=7; Timer.Interval=80;
09:03:29:471 |Debug|thread 23|  |  set TV = COOL
09:03:29:471 |Trace|thread 23|  |  Write TV => 1 0 0 0
09:03:29:518 |Trace|thread 12|  |  Read byte <= 172 4 0 79
09:03:29:518 |Trace|thread 12|  |  Read hex <= ac04004f
09:03:29:565 |Trace|thread 23|  |  case=8; Timer.Interval=80;
09:03:29:831 |Trace|thread 23|  |  Measure=2885, 3173; Lv=205;
09:03:29:831 |Debug|thread 23|  |  before=2885,3173,205
09:03:29:831 |Debug|thread 23|  |  set TV = NORMAL
09:03:29:831 |Trace|thread 23|  |  Write TV => 1 1 0 0
09:03:29:831 |Trace|thread 23|  |  case=9; Timer.Interval=80;
09:03:29:878 |Trace|thread 12|  |  Read byte <= 172 4 0 79
09:03:29:878 |Trace|thread 12|  |  Read hex <= ac04004f
09:03:30:112 |Trace|thread 23|  |  Measure=2988, 3387; Lv=243,2;
09:03:30:112 |Debug|thread 23|  |  before=2988,3387,243,2
09:03:30:112 |Debug|thread 23|  |  set TV = WARM
09:03:30:112 |Trace|thread 23|  |  Write TV => 1 2 0 0
09:03:30:112 |Trace|thread 23|  |  case=10; Timer.Interval=80;
09:03:30:159 |Trace|thread 12|  |  Read byte <= 172 4 0 79
09:03:30:159 |Trace|thread 12|  |  Read hex <= ac04004f
09:03:30:378 |Trace|thread 23|  |  Measure=3016, 3407; Lv=235,5;
09:03:30:378 |Debug|thread 23|  |  before=3016,3407,235,5
09:03:30:378 |Debug|thread 23|  |  set TV = NORMAL
09:03:30:378 |Trace|thread 23|  |  Write TV => 1 1 0 0
09:03:30:378 |Trace|thread 23|  |  case=5; Timer.Interval=80;
09:03:30:425 |Trace|thread 13|  |  Read byte <= 172 4 0 79
09:03:30:425 |Trace|thread 13|  |  Read hex <= ac04004f
09:03:30:456 |Trace|thread 23|  |  case=11; Timer.Interval=65;
09:03:30:721 |Trace|thread 23|  |  Measure=2990, 3389; Lv=243,4;
09:03:30:925 |Trace|thread 23|  |  set TV RGB: 128, 128, 128
09:03:30:925 |Trace|thread 23|  |  Write TV => 12 128 128 128
09:03:30:925 |Trace|thread 23|  |  case=12; Timer.Interval=65;
09:03:30:971 |Trace|thread 12|  |  Read byte <= 172 4 0 79
09:03:30:971 |Trace|thread 12|  |  Read hex <= ac04004f
09:03:31:003 |Trace|thread 23|  |  case=12; Timer.Interval=65;
09:03:31:206 |Trace|thread 13|  |  Read byte <= 103 95 97 115 116 87 104 105 116 101 66 97 108 97 110 99 101 32 99 104 97 110 103 101 100 33 13 10 71 95 70 65 67 84 79 82 89 95 83 69 84 84 73 78 71 32 99 104 97 110 103 101 100 33 13 10
09:03:31:206 |Trace|thread 13|  |  Read hex <= 675f617374576869746542616c616e6365206368616e676564210d0a475f464143544f52595f53455454494e47206368616e676564210d0a
09:03:31:268 |Trace|thread 23|  |  Measure=2738, 2982; Lv=194,9;
09:03:31:268 |Trace|thread 23|  |  set TV RGB: 136, 136, 136
09:03:31:268 |Trace|thread 23|  |  Write TV => 12 136 136 136
09:03:31:268 |Trace|thread 23|  |  case=13; Timer.Interval=65;
09:03:31:315 |Trace|thread 23|  |  case=13; Timer.Interval=65;
09:03:31:331 |Trace|thread 13|  |  Read byte <= 32 62 62 32 87 114 105 116 101 32 102 108 97 115 104 32 100 111 110 101 126 32 61 62 32 85 110 105 116 73 100 120 61 49 44 32 119 116 61 56 56 50 44 32 117 115 101 32 54 48 109 115 13 10 172 4 0 79
09:03:31:331 |Trace|thread 13|  |  Read hex <= 203e3e20577269746520666c61736820646f6e657e203d3e20556e69744964783d312c2077743d3838322c207573652036306d730d0aac04004f
09:03:31:393 |Trace|thread 23|  |  case=13; Timer.Interval=65;
09:03:31:471 |Trace|thread 23|  |  case=13; Timer.Interval=65;
09:03:31:550 |Trace|thread 23|  |  case=13; Timer.Interval=65;
09:03:31:628 |Trace|thread 23|  |  case=13; Timer.Interval=65;
09:03:31:706 |Trace|thread 23|  |  case=13; Timer.Interval=65;
09:03:31:784 |Trace|thread 23|  |  case=13; Timer.Interval=65;
09:03:31:862 |Trace|thread 23|  |  case=13; Timer.Interval=65;
09:03:31:940 |Trace|thread 23|  |  case=13; Timer.Interval=65;
09:03:32:018 |Trace|thread 23|  |  case=13; Timer.Interval=65;
09:03:32:097 |Trace|thread 23|  |  case=13; Timer.Interval=65;
09:03:32:175 |Trace|thread 23|  |  case=13; Timer.Interval=65;
09:03:32:253 |Trace|thread 23|  |  case=13; Timer.Interval=65;
09:03:32:331 |Trace|thread 23|  |  case=13; Timer.Interval=65;
09:03:32:409 |Trace|thread 23|  |  case=13; Timer.Interval=65;
09:03:32:409 |Trace|thread 23|  |  set TV RGB: 136, 136, 136
09:03:32:409 |Trace|thread 23|  |  Write TV => 12 136 136 136
09:03:32:472 |Trace|thread 14|  |  Read byte <= 172 4 0 79
09:03:32:472 |Trace|thread 14|  |  Read hex <= ac04004f
09:03:32:487 |Trace|thread 23|  |  case=13; Timer.Interval=65;
09:03:32:753 |Trace|thread 23|  |  Measure=2726, 2986; Lv=224;
09:03:32:753 |Trace|thread 23|  |  set TV RGB: 144, 144, 144
09:03:32:753 |Trace|thread 23|  |  Write TV => 12 144 144 144
09:03:32:753 |Trace|thread 23|  |  case=13; Timer.Interval=65;
09:03:32:800 |Trace|thread 23|  |  case=13; Timer.Interval=65;
09:03:32:800 |Trace|thread 16|  |  Read byte <= 172 4 0 79
09:03:32:800 |Trace|thread 16|  |  Read hex <= ac04004f
09:03:32:878 |Trace|thread 23|  |  case=13; Timer.Interval=65;
09:03:33:143 |Trace|thread 23|  |  Measure=2737, 3020; Lv=257,5;
09:03:33:143 |Trace|thread 23|  |  set TV RGB: 152, 152, 152
09:03:33:143 |Trace|thread 23|  |  Write TV => 12 152 152 152
09:03:33:143 |Trace|thread 23|  |  case=13; Timer.Interval=65;
09:03:33:190 |Trace|thread 23|  |  case=13; Timer.Interval=65;
09:03:33:190 |Trace|thread 14|  |  Read byte <= 172 4 0 79
09:03:33:190 |Trace|thread 14|  |  Read hex <= ac04004f
09:03:33:222 |Trace|thread 16|  |  Read byte <= 103 95 97 115 116 87 104 105 116 101 66 97 108 97 110 99 101 32 99 104 97 110 103 101 100 33 13 10 71 95 70 65 67 84 79 82 89 95 83 69 84 84 73 78 71 32 99 104 97 110 103 101 100 33 13 10
09:03:33:222 |Trace|thread 16|  |  Read hex <= 675f617374576869746542616c616e6365206368616e676564210d0a475f464143544f52595f53455454494e47206368616e676564210d0a
09:03:33:268 |Trace|thread 23|  |  case=13; Timer.Interval=65;
09:03:33:347 |Trace|thread 14|  |  Read byte <= 32 62 62 32 87 114 105 116 101 32 102 108 97 115 104 32 100 111 110 101 126 32 61 62 32 85 110 105 116 73 100 120 61 50 44 32 119 116 61 56 56 51 44 32 117 115 101 32 54 48 109 115 13 10
09:03:33:347 |Trace|thread 14|  |  Read hex <= 203e3e20577269746520666c61736820646f6e657e203d3e20556e69744964783d322c2077743d3838332c207573652036306d730d0a
09:03:33:534 |Trace|thread 23|  |  Measure=2756, 3068; Lv=283,3;
09:03:33:534 |Trace|thread 23|  |  set TV RGB: 160, 160, 160
09:03:33:534 |Trace|thread 23|  |  Write TV => 12 160 160 160
09:03:33:534 |Trace|thread 23|  |  case=13; Timer.Interval=65;
09:03:33:581 |Trace|thread 23|  |  case=13; Timer.Interval=65;
09:03:33:581 |Trace|thread 16|  |  Read byte <= 172 4 0 79
09:03:33:581 |Trace|thread 16|  |  Read hex <= ac04004f
09:03:33:659 |Trace|thread 23|  |  case=13; Timer.Interval=65;
09:03:33:925 |Trace|thread 23|  |  Measure=2756, 3068; Lv=283,5;
09:03:33:925 |Trace|thread 23|  |  set TV RGB: 144, 144, 144
09:03:33:925 |Trace|thread 23|  |  Write TV => 12 144 144 144
09:03:33:925 |Trace|thread 23|  |  case=13; Timer.Interval=65;
09:03:33:972 |Trace|thread 23|  |  case=13; Timer.Interval=65;
09:03:33:987 |Trace|thread 14|  |  Read byte <= 172 4 0 79
09:03:33:987 |Trace|thread 14|  |  Read hex <= ac04004f
09:03:34:050 |Trace|thread 23|  |  case=13; Timer.Interval=65;
09:03:34:315 |Trace|thread 23|  |  Measure=2737, 3020; Lv=257,5;
09:03:34:315 |Trace|thread 23|  |  set TV RGB: 148, 148, 148
09:03:34:315 |Trace|thread 23|  |  Write TV => 12 148 148 148
09:03:34:315 |Trace|thread 23|  |  case=13; Timer.Interval=65;
09:03:34:362 |Trace|thread 23|  |  case=13; Timer.Interval=65;
09:03:34:378 |Trace|thread 14|  |  Read byte <= 172 4 0 79
09:03:34:378 |Trace|thread 14|  |  Read hex <= ac04004f
09:03:34:440 |Trace|thread 23|  |  case=13; Timer.Interval=65;
09:03:34:706 |Trace|thread 23|  |  Measure=2748, 3057; Lv=281,1;
09:03:34:706 |Trace|thread 23|  |  set TV RGB: 152, 152, 152
09:03:34:706 |Trace|thread 23|  |  Write TV => 12 152 152 152
09:03:34:706 |Trace|thread 23|  |  case=13; Timer.Interval=65;
09:03:34:753 |Trace|thread 23|  |  case=13; Timer.Interval=65;
09:03:34:753 |Trace|thread 14|  |  Read byte <= 172 4 0 79
09:03:34:753 |Trace|thread 14|  |  Read hex <= ac04004f
09:03:34:831 |Trace|thread 23|  |  case=13; Timer.Interval=65;
09:03:35:097 |Trace|thread 23|  |  Measure=2756, 3068; Lv=283,5;
09:03:35:097 |Trace|thread 23|  |  set TV RGB: 156, 156, 156
09:03:35:097 |Trace|thread 23|  |  Write TV => 12 156 156 156
09:03:35:097 |Trace|thread 23|  |  case=13; Timer.Interval=65;
09:03:35:144 |Trace|thread 23|  |  case=13; Timer.Interval=65;
09:03:35:159 |Trace|thread 14|  |  Read byte <= 172 4 0 79
09:03:35:159 |Trace|thread 14|  |  Read hex <= ac04004f
09:03:35:222 |Trace|thread 23|  |  case=13; Timer.Interval=65;
09:03:35:237 |Trace|thread 14|  |  Read byte <= 103 95 97 115 116 87 104 105 116 101 66 97 108 97 110 99 101 32 99 104 97 110 103 101 100 33 13 10 71 95 70 65 67 84 79 82 89 95 83 69 84 84 73 78 71 32 99 104 97 110 103 101 100 33 13 10
09:03:35:237 |Trace|thread 14|  |  Read hex <= 675f617374576869746542616c616e6365206368616e676564210d0a475f464143544f52595f53455454494e47206368616e676564210d0a
09:03:35:362 |Trace|thread 14|  |  Read byte <= 32 62 62 32 87 114 105 116 101 32 102 108 97 115 104 32 100 111 110 101 126 32 61 62 32 85 110 105 116 73 100 120 61 51 44 32 119 116 61 56 56 52 44 32 117 115 101 32 54 48 109 115 13 10
09:03:35:362 |Trace|thread 14|  |  Read hex <= 203e3e20577269746520666c61736820646f6e657e203d3e20556e69744964783d332c2077743d3838342c207573652036306d730d0a
09:03:35:487 |Trace|thread 23|  |  Measure=2756, 3068; Lv=283,5;
09:03:35:487 |Trace|thread 23|  |  set TV RGB: 148, 148, 148
09:03:35:487 |Trace|thread 23|  |  Write TV => 12 148 148 148
09:03:35:487 |Trace|thread 23|  |  case=13; Timer.Interval=65;
09:03:35:534 |Trace|thread 23|  |  case=13; Timer.Interval=65;
09:03:35:534 |Trace|thread 14|  |  Read byte <= 172 4 0 79
09:03:35:534 |Trace|thread 14|  |  Read hex <= ac04004f
09:03:35:612 |Trace|thread 23|  |  case=13; Timer.Interval=65;
09:03:35:878 |Trace|thread 23|  |  Measure=2748, 3057; Lv=281,2;
09:03:35:878 |Trace|thread 23|  |  set TV RGB: 150, 150, 150
09:03:35:878 |Trace|thread 23|  |  Write TV => 12 150 150 150
09:03:35:878 |Trace|thread 23|  |  case=13; Timer.Interval=65;
09:03:35:925 |Trace|thread 23|  |  case=13; Timer.Interval=65;
09:03:35:941 |Trace|thread 18|  |  Read byte <= 172 4 0 79
09:03:35:941 |Trace|thread 18|  |  Read hex <= ac04004f
09:03:36:003 |Trace|thread 23|  |  case=13; Timer.Interval=65;
09:03:36:269 |Trace|thread 23|  |  Measure=2756, 3068; Lv=283,4;
09:03:36:269 |Trace|thread 23|  |  set TV RGB: 152, 152, 152
09:03:36:269 |Trace|thread 23|  |  Write TV => 12 152 152 152
09:03:36:269 |Trace|thread 23|  |  case=13; Timer.Interval=65;
09:03:36:316 |Trace|thread 23|  |  case=13; Timer.Interval=65;
09:03:36:316 |Trace|thread 18|  |  Read byte <= 172 4 0 79
09:03:36:316 |Trace|thread 18|  |  Read hex <= ac04004f
09:03:36:394 |Trace|thread 23|  |  case=13; Timer.Interval=65;
09:03:36:659 |Trace|thread 23|  |  Measure=2756, 3068; Lv=283,5;
09:03:36:737 |Trace|thread 23|  |  case=14; Timer.Interval=75;
09:03:36:847 |Trace|thread 23|  |  Write TV => 10 1 0 0
09:03:36:847 |Trace|thread 23|  |  case=15; Timer.Interval=75;
09:03:36:894 |Trace|thread 23|  |  case=15; Timer.Interval=75;
09:03:36:972 |Trace|thread 23|  |  case=15; Timer.Interval=75;
09:03:37:050 |Trace|thread 23|  |  case=15; Timer.Interval=75;
09:03:37:050 |Trace|thread 13|  |  Read byte <= 172 4 0 79
09:03:37:050 |Trace|thread 13|  |  Read hex <= ac04004f
09:03:37:128 |Trace|thread 23|  |  case=15; Timer.Interval=75;
09:03:37:253 |Trace|thread 16|  |  Read byte <= 103 95 97 115 116 87 104 105 116 101 66 97 108 97 110 99 101 32 99 104 97 110 103 101 100 33 13 10 71 95 70 65 67 84 79 82 89 95 83 69 84 84 73 78 71 32 99 104 97 110 103 101 100 33 13 10
09:03:37:253 |Trace|thread 16|  |  Read hex <= 675f617374576869746542616c616e6365206368616e676564210d0a475f464143544f52595f53455454494e47206368616e676564210d0a
09:03:37:378 |Trace|thread 16|  |  Read byte <= 32 62 62 32 87 114 105 116 101 32 102 108 97 115 104 32 100 111 110 101 126 32 61 62 32 85 110 105 116 73 100 120 61 52 44 32 119 116 61 56 56 53 44 32 117 115 101 32 54 48 109 115 13 10
09:03:37:378 |Trace|thread 16|  |  Read hex <= 203e3e20577269746520666c61736820646f6e657e203d3e20556e69744964783d342c2077743d3838352c207573652036306d730d0a
09:03:37:909 |Trace|thread 23|  |  Measure=2756, 3068; Lv=283,7;
09:03:37:909 |Trace|thread 23|  |  Max Lv=283,7
09:03:37:909 |Trace|thread 23|  |  Write TV => 10 0 0 0
09:03:37:909 |Trace|thread 23|  |  case=25; Timer.Interval=75;
09:03:37:988 |Trace|thread 23|  |  case=25; Timer.Interval=75;
09:03:38:066 |Trace|thread 23|  |  case=25; Timer.Interval=75;
09:03:38:144 |Trace|thread 23|  |  case=25; Timer.Interval=75;
09:03:38:222 |Trace|thread 23|  |  case=25; Timer.Interval=75;
09:03:38:300 |Trace|thread 23|  |  case=25; Timer.Interval=75;
09:03:38:316 |Trace|thread 18|  |  Read byte <= 172 4 0 79
09:03:38:316 |Trace|thread 18|  |  Read hex <= ac04004f
09:03:38:378 |Trace|thread 23|  |  case=25; Timer.Interval=75;
09:03:38:456 |Trace|thread 23|  |  case=26; Timer.Interval=65;
09:03:38:456 |Debug|thread 23|  |  set TV = COOL
09:03:38:456 |Trace|thread 23|  |  Write TV => 1 0 0 0
09:03:38:503 |Trace|thread 18|  |  Read byte <= 172 4 0 79
09:03:38:503 |Trace|thread 18|  |  Read hex <= ac04004f
09:03:38:534 |Trace|thread 23|  |  case=27; Timer.Interval=65;
09:03:38:534 |Trace|thread 23|  |  set TV RGB: 139, 131, 122
09:03:38:534 |Trace|thread 23|  |  Write TV => 12 139 131 122
09:03:38:613 |Trace|thread 23|  |  case=30; Timer.Interval=65;
09:03:38:613 |Trace|thread 16|  |  Read byte <= 172 4 0 79
09:03:38:613 |Trace|thread 16|  |  Read hex <= ac04004f
09:03:38:691 |Trace|thread 23|  |  case=30; Timer.Interval=65;
09:03:38:956 |Trace|thread 23|  |  Measure=2882, 3171; Lv=205,3;
09:03:38:956 |Trace|thread 23|  |  case=98; Timer.Interval=65;
09:03:38:956 |Debug|thread 23|  |  final cool=2882,3171,205,3
09:03:38:956 |Info|thread 23| TVSender.WhiteBalanceChroma.OnTimerEvent |  uColorTemp_StartStepSum[0,0]=1
09:03:39:003 |Trace|thread 23|  |  case=26; Timer.Interval=65;
09:03:39:003 |Debug|thread 23|  |  set TV = NORMAL
09:03:39:003 |Trace|thread 23|  |  Write TV => 1 1 0 0
09:03:39:066 |Trace|thread 18|  |  Read byte <= 172 4 0 79
09:03:39:066 |Trace|thread 18|  |  Read hex <= ac04004f
09:03:39:081 |Trace|thread 23|  |  case=27; Timer.Interval=65;
09:03:39:081 |Trace|thread 23|  |  set TV RGB: 149, 141, 122
09:03:39:081 |Trace|thread 23|  |  Write TV => 12 149 141 122
09:03:39:128 |Trace|thread 16|  |  Read byte <= 172 4 0 79
09:03:39:128 |Trace|thread 16|  |  Read hex <= ac04004f
09:03:39:160 |Trace|thread 23|  |  case=30; Timer.Interval=65;
09:03:39:347 |Trace|thread 16|  |  Read byte <= 103 95 97 115 116 87 104 105 116 101 66 97 108 97 110 99 101 32 99 104 97 110 103 101 100 33 13 10 71 95 70 65 67 84 79 82 89 95 83 69 84 84 73 78 71 32 99 104 97 110 103 101 100 33 13 10
09:03:39:347 |Trace|thread 16|  |  Read hex <= 675f617374576869746542616c616e6365206368616e676564210d0a475f464143544f52595f53455454494e47206368616e676564210d0a
09:03:39:425 |Trace|thread 23|  |  Measure=2989, 3388; Lv=243,5;
09:03:39:425 |Trace|thread 23|  |  case=98; Timer.Interval=65;
09:03:39:425 |Debug|thread 23|  |  final normal=2989,3388,243,5
09:03:39:425 |Info|thread 23| TVSender.WhiteBalanceChroma.OnTimerEvent |  uColorTemp_StartStepSum[1,0]=1
09:03:39:441 |Trace|thread 16|  |  Read byte <= 32 62 62 32 87 114 105 116 101 32 102 108 97 115 104 32 100 111 110 101 126 32 61 62 32 85 110 105 116 73 100 120 61 53 44 32 119 116 61 56 56 54 44 32 117 115 101 32 54 48 109 115 13 10
09:03:39:441 |Trace|thread 16|  |  Read hex <= 203e3e20577269746520666c61736820646f6e657e203d3e20556e69744964783d352c2077743d3838362c207573652036306d730d0a
09:03:39:472 |Trace|thread 23|  |  case=26; Timer.Interval=65;
09:03:39:472 |Debug|thread 23|  |  set TV = WARM
09:03:39:472 |Trace|thread 23|  |  Write TV => 1 2 0 0
09:03:39:519 |Trace|thread 18|  |  Read byte <= 172 4 0 79
09:03:39:519 |Trace|thread 18|  |  Read hex <= ac04004f
09:03:39:550 |Trace|thread 23|  |  case=27; Timer.Interval=65;
09:03:39:550 |Trace|thread 23|  |  set TV RGB: 147, 132, 109
09:03:39:550 |Trace|thread 23|  |  Write TV => 12 147 132 109
09:03:39:597 |Trace|thread 16|  |  Read byte <= 172 4 0 79
09:03:39:597 |Trace|thread 16|  |  Read hex <= ac04004f
09:03:39:628 |Trace|thread 23|  |  case=30; Timer.Interval=65;
09:03:39:894 |Trace|thread 23|  |  Measure=3112, 3478; Lv=210,5;
09:03:39:894 |Trace|thread 23|  |  case=98; Timer.Interval=65;
09:03:39:894 |Debug|thread 23|  |  final warm=3112,3478,210,5
09:03:39:894 |Info|thread 23| TVSender.WhiteBalanceChroma.OnTimerEvent |  uColorTemp_StartStepSum[2,0]=1
09:03:39:941 |Trace|thread 23|  |  case=99; Timer.Interval=65;
09:03:39:941 |Trace|thread 23|  |  Write TV => 8 0 0 0
09:03:39:988 |Trace|thread 16|  |  Read byte <= 172 4 0 79
09:03:39:988 |Trace|thread 16|  |  Read hex <= ac04004f
09:03:40:050 |Trace|thread 23|  |  case=100; Timer.Interval=100;
09:03:40:160 |Trace|thread 23|  |  case=110; Timer.Interval=100;
09:03:40:253 |Trace|thread 16|  |  Read byte <= 32 62 62 32 87 114 105 116 101 32 102 108 97 115 104 32 100 111 110 101 126 32 61 62 32 85 110 105 116 73 100 120 61 54 44 32 119 116 61 56 56 55 44 32 117 115 101 32 54 48 109 115 13 10
09:03:40:253 |Trace|thread 16|  |  Read hex <= 203e3e20577269746520666c61736820646f6e657e203d3e20556e69744964783d362c2077743d3838372c207573652036306d730d0a
09:03:40:269 |Trace|thread 23|  |  case=111; Timer.Interval=100;
09:03:40:269 |Trace|thread 23|  |  Write uColorTempAdj_Data (overwrite=False) temp_data.txt: 
0,139,131,122
1,149,141,122
2,147,132,109

09:03:40:269 |Trace|thread 23|  |  Write uColorTemp_StartStepSum
0,1,0,0,0
1,1,0,0,0
2,1,0,0,0
3,170
09:03:40:347 |Trace|thread 23|  |  case=118; Timer.Interval=65;
09:03:40:347 |Debug|thread 23|  |  set TV = NORMAL
09:03:40:347 |Trace|thread 23|  |  Write TV => 1 1 0 0
09:03:40:425 |Trace|thread 23|  |  case=119; Timer.Interval=65;
09:03:40:472 |Trace|thread 16|  |  Read byte <= 172 4 0 79
09:03:40:472 |Trace|thread 16|  |  Read hex <= ac04004f
09:03:40:503 |Trace|thread 23|  |  case=119; Timer.Interval=65;
09:03:40:769 |Trace|thread 23|  |  Measure=2990, 3389; Lv=243,3;
09:03:40:769 |Trace|thread 23|  |  case=120; Timer.Interval=65;
09:03:40:769 |Trace|thread 23|  |  Write TV => 16 0 0 0
09:03:40:816 |Trace|thread 23|  |  case=121; Timer.Interval=65;
09:03:40:816 |Trace|thread 18|  |  Read byte <= 172 4 0 79
09:03:40:816 |Trace|thread 18|  |  Read hex <= ac04004f
09:03:40:894 |Trace|thread 23|  |  case=121; Timer.Interval=65;
09:03:40:894 |Trace|thread 23|  |  Write uColorTempAdj_Data (overwrite=True) last_tempdata.txt: 
0,139,131,122
1,149,141,122
2,147,132,109

09:03:40:910 |Trace|thread 23|  |  uColorTempAdj_Data=: 
0,139,131,122
1,149,141,122
2,147,132,109

09:03:40:910 |Trace|thread 23|  |  END
