08:31:42:276 |Debug| thread 12| TVSender.WhiteBalanceMinolta.ReadSaveDataNumber |1718  TempData: |0,132,94,129| SaveDataNumber=0|
08:31:42:278 |Debug| thread 12| TVSender.WhiteBalanceMinolta.ReadSaveDataNumber |1718  TempData: |1,139,107,126| SaveDataNumber=0|
08:31:42:278 |Debug| thread 12| TVSender.WhiteBalanceMinolta.ReadSaveDataNumber |1718  TempData: |2,137,97,112| SaveDataNumber=0|
08:31:42:278 |Debug| thread 12| TVSender.WhiteBalanceMinolta.ReadSaveDataNumber |1718  TempData: |10,131,103,131| SaveDataNumber=1|
08:31:42:278 |Debug| thread 12| TVSender.WhiteBalanceMinolta.ReadSaveDataNumber |1718  TempData: |11,143,111,126| SaveDataNumber=1|
08:31:42:278 |Debug| thread 12| TVSender.WhiteBalanceMinolta.ReadSaveDataNumber |1718  TempData: |12,137,101,112| SaveDataNumber=1|
08:31:42:278 |Debug| thread 12| TVSender.WhiteBalanceMinolta.ReadSaveDataNumber |1718  TempData: |20,131,103,131| SaveDataNumber=2|
08:31:42:278 |Debug| thread 12| TVSender.WhiteBalanceMinolta.ReadSaveDataNumber |1718  TempData: |21,143,103,121| SaveDataNumber=2|
08:31:42:278 |Debug| thread 12| TVSender.WhiteBalanceMinolta.ReadSaveDataNumber |1718  TempData: |22,137,101,112| SaveDataNumber=2|
08:31:42:278 |Debug| thread 12| TVSender.WhiteBalanceMinolta.ReadSaveDataNumber |1718  TempData: |30,131,103,131| SaveDataNumber=3|
08:31:42:278 |Debug| thread 12| TVSender.WhiteBalanceMinolta.ReadSaveDataNumber |1718  TempData: |31,143,103,121| SaveDataNumber=3|
08:31:42:278 |Debug| thread 12| TVSender.WhiteBalanceMinolta.ReadSaveDataNumber |1718  TempData: |32,137,101,112| SaveDataNumber=3|
08:31:42:278 |Debug| thread 12| TVSender.WhiteBalanceMinolta.ReadSaveDataNumber |1718  TempData: |40,131,103,131| SaveDataNumber=4|
08:31:42:278 |Debug| thread 12| TVSender.WhiteBalanceMinolta.ReadSaveDataNumber |1718  TempData: |41,143,108,121| SaveDataNumber=4|
08:31:42:278 |Debug| thread 12| TVSender.WhiteBalanceMinolta.ReadSaveDataNumber |1718  TempData: |42,137,104,112| SaveDataNumber=4|
08:31:42:278 |Debug| thread 12| TVSender.WhiteBalanceMinolta.ReadSaveDataNumber |1718  TempData: |50,131,103,129| SaveDataNumber=5|
08:31:42:278 |Debug| thread 12| TVSender.WhiteBalanceMinolta.ReadSaveDataNumber |1718  TempData: |51,143,113,121| SaveDataNumber=5|
08:31:42:278 |Debug| thread 12| TVSender.WhiteBalanceMinolta.ReadSaveDataNumber |1718  TempData: |52,137,104,110| SaveDataNumber=5|
08:31:42:278 |Debug| thread 12| TVSender.WhiteBalanceMinolta.ReadSaveDataNumber |1718  TempData: |60,131,103,129| SaveDataNumber=6|
08:31:42:278 |Debug| thread 12| TVSender.WhiteBalanceMinolta.ReadSaveDataNumber |1718  TempData: |61,143,113,121| SaveDataNumber=6|
08:31:42:278 |Debug| thread 12| TVSender.WhiteBalanceMinolta.ReadSaveDataNumber |1718  TempData: |62,137,104,110| SaveDataNumber=6|
08:31:42:278 |Debug| thread 12| TVSender.WhiteBalanceMinolta.ReadSaveDataNumber |1718  TempData: |70,131,103,129| SaveDataNumber=7|
08:31:42:278 |Debug| thread 12| TVSender.WhiteBalanceMinolta.ReadSaveDataNumber |1718  TempData: |71,143,103,117| SaveDataNumber=7|
08:31:42:278 |Debug| thread 12| TVSender.WhiteBalanceMinolta.ReadSaveDataNumber |1718  TempData: |72,137,104,110| SaveDataNumber=7|
08:31:42:278 |Debug| thread 12| TVSender.WhiteBalanceMinolta.ReadSaveDataNumber |1718  TempData: |80,131,103,129| SaveDataNumber=8|
08:31:42:278 |Debug| thread 12| TVSender.WhiteBalanceMinolta.ReadSaveDataNumber |1718  TempData: |81,147,113,124| SaveDataNumber=8|
08:31:42:278 |Debug| thread 12| TVSender.WhiteBalanceMinolta.ReadSaveDataNumber |1718  TempData: |82,137,104,110| SaveDataNumber=8|
08:31:42:278 |Debug| thread 12| TVSender.WhiteBalanceMinolta.ReadSaveDataNumber |1718  TempData: |90,131,103,129| SaveDataNumber=9|
08:31:42:278 |Debug| thread 12| TVSender.WhiteBalanceMinolta.ReadSaveDataNumber |1718  TempData: |91,147,113,126| SaveDataNumber=9|
08:31:42:278 |Debug| thread 12| TVSender.WhiteBalanceMinolta.ReadSaveDataNumber |1718  TempData: |92,137,104,110| SaveDataNumber=9|
08:31:42:278 |Debug| thread 12| TVSender.WhiteBalanceMinolta.ReadSaveDataNumber |1718  TempData: |100,131,103,129| SaveDataNumber=10|
08:31:42:278 |Debug| thread 12| TVSender.WhiteBalanceMinolta.ReadSaveDataNumber |1718  TempData: |101,147,105,121| SaveDataNumber=10|
08:31:42:278 |Debug| thread 12| TVSender.WhiteBalanceMinolta.ReadSaveDataNumber |1718  TempData: |102,137,104,110| SaveDataNumber=10|
08:31:42:294 |Debug| thread 12| TVSender.WhiteBalanceMinolta.ReadReservedDataNumber |1701  ReserveTempData: |0,128,128,128| ReservedSaves=0|
08:31:42:294 |Debug| thread 12| TVSender.WhiteBalanceMinolta.ReadReservedDataNumber |1701  ReserveTempData: |1,128,128,128| ReservedSaves=0|
08:31:42:294 |Debug| thread 12| TVSender.WhiteBalanceMinolta.ReadReservedDataNumber |1701  ReserveTempData: |2,128,128,128| ReservedSaves=0|
08:31:42:294 |Debug| thread 12| TVSender.WhiteBalanceMinolta.ReadReservedDataNumber |1701  ReserveTempData: |10,131,103,129| ReservedSaves=1|
08:31:42:294 |Debug| thread 12| TVSender.WhiteBalanceMinolta.ReadReservedDataNumber |1701  ReserveTempData: |11,147,105,121| ReservedSaves=1|
08:31:42:294 |Debug| thread 12| TVSender.WhiteBalanceMinolta.ReadReservedDataNumber |1701  ReserveTempData: |12,137,104,110| ReservedSaves=1|
08:31:42:294 |Debug| thread 12| TVSender.WhiteBalanceMinolta.ReadReservedDataNumber |1701  ReserveTempData: |20,131,103,127| ReservedSaves=2|
08:31:42:294 |Debug| thread 12| TVSender.WhiteBalanceMinolta.ReadReservedDataNumber |1701  ReserveTempData: |21,144,108,119| ReservedSaves=2|
08:31:42:294 |Debug| thread 12| TVSender.WhiteBalanceMinolta.ReadReservedDataNumber |1701  ReserveTempData: |22,137,106,108| ReservedSaves=2|
08:31:42:294 |Debug| thread 12| TVSender.WhiteBalanceMinolta.ReadReservedDataNumber |1701  ReserveTempData: |30,131,103,129| ReservedSaves=3|
08:31:42:294 |Debug| thread 12| TVSender.WhiteBalanceMinolta.ReadReservedDataNumber |1701  ReserveTempData: |31,144,108,121| ReservedSaves=3|
08:31:42:294 |Debug| thread 12| TVSender.WhiteBalanceMinolta.ReadReservedDataNumber |1701  ReserveTempData: |32,137,103,110| ReservedSaves=3|
08:31:49:384 |Debug| thread 12| TVSender.WhiteBalanceMinolta.Start |2266  START Panasonic TX-32DR300ZZ; sn=118589P0101897;
08:31:51:373 |Debug| thread 12| TVSender.WhiteBalanceMinolta.send_normal_com |179  set TV = COOL
08:31:51:962 |Debug| thread 12| TVSender.WhiteBalanceMinolta.Measure_CA |1538  before=2871,195,3190,995,232,5639
08:31:51:962 |Debug| thread 12| TVSender.WhiteBalanceMinolta.send_normal_com |179  set TV = NORMAL
08:31:52:421 |Debug| thread 12| TVSender.WhiteBalanceMinolta.Measure_CA |1538  before=2995,851,3394,123,244,9664
08:31:52:421 |Debug| thread 12| TVSender.WhiteBalanceMinolta.send_normal_com |179  set TV = WARM
08:31:52:879 |Debug| thread 12| TVSender.WhiteBalanceMinolta.Measure_CA |1538  before=3101,165,3505,138,226,5299
08:31:52:879 |Debug| thread 12| TVSender.WhiteBalanceMinolta.send_normal_com |179  set TV = NORMAL
08:31:54:290 |Debug| thread 12| TVSender.WhiteBalanceMinolta.OnTimerEvent |633  Max Lv=320,0
08:31:54:389 |Debug| thread 12| TVSender.WhiteBalanceMinolta.send_normal_com |179  set TV = COOL
08:31:55:637 |Debug| thread 12| TVSender.WhiteBalanceMinolta.send_normal_com |179  set TV = COOL
08:31:55:722 |Debug| thread 12| TVSender.WhiteBalanceMinolta.send_normal_com |175  set TV RGB: 131, 103, 129
08:31:56:246 |Debug| thread 12| TVSender.WhiteBalanceMinolta.OnTimerEvent |1004  final cool=2870,813,3190,035,232,5123
08:31:56:263 |Debug| thread 12| TVSender.WhiteBalanceMinolta.send_normal_com |179  set TV = NORMAL
08:31:56:420 |Debug| thread 12| TVSender.WhiteBalanceMinolta.send_normal_com |175  set TV RGB: 144, 108, 121
08:31:56:939 |Debug| thread 12| TVSender.WhiteBalanceMinolta.send_normal_com |175  set TV RGB: 144, 108, 121
08:31:58:061 |Debug| thread 12| TVSender.WhiteBalanceMinolta.send_normal_com |175  set TV RGB: 144, 108, 121
08:31:58:577 |Debug| thread 12| TVSender.WhiteBalanceMinolta.send_normal_com |175  set TV RGB: 144, 114, 121
08:31:59:125 |Debug| thread 12| TVSender.WhiteBalanceMinolta.send_normal_com |175  set TV RGB: 144, 114, 121
08:32:00:249 |Debug| thread 12| TVSender.WhiteBalanceMinolta.send_normal_com |175  set TV RGB: 144, 114, 121
08:32:00:768 |Debug| thread 12| TVSender.WhiteBalanceMinolta.send_normal_com |175  set TV RGB: 144, 114, 123
08:32:01:313 |Debug| thread 12| TVSender.WhiteBalanceMinolta.send_normal_com |175  set TV RGB: 144, 114, 125
08:32:01:858 |Debug| thread 12| TVSender.WhiteBalanceMinolta.send_normal_com |175  set TV RGB: 144, 114, 125
08:32:02:407 |Debug| thread 12| TVSender.WhiteBalanceMinolta.send_normal_com |175  set TV RGB: 144, 114, 125
08:32:02:955 |Debug| thread 12| TVSender.WhiteBalanceMinolta.send_normal_com |175  set TV RGB: 144, 114, 125
08:32:04:075 |Debug| thread 12| TVSender.WhiteBalanceMinolta.send_normal_com |175  set TV RGB: 144, 114, 125
08:32:04:594 |Debug| thread 12| TVSender.WhiteBalanceMinolta.send_normal_com |175  set TV RGB: 144, 114, 125
08:32:05:139 |Debug| thread 12| TVSender.WhiteBalanceMinolta.send_normal_com |175  set TV RGB: 144, 114, 125
08:32:05:686 |Debug| thread 12| TVSender.WhiteBalanceMinolta.send_normal_com |175  set TV RGB: 144, 114, 125
08:32:06:244 |Debug| thread 12| TVSender.WhiteBalanceMinolta.OnTimerEvent |1050  final normal=2951,831,3443,057,265,0438
08:32:06:265 |Debug| thread 12| TVSender.WhiteBalanceMinolta.send_normal_com |179  set TV = WARM
08:32:06:344 |Debug| thread 12| TVSender.WhiteBalanceMinolta.send_normal_com |175  set TV RGB: 137, 103, 110
08:32:06:864 |Debug| thread 12| TVSender.WhiteBalanceMinolta.OnTimerEvent |1102  final warm=3094,516,3521,971,225,2742
08:32:07:295 |Debug| thread 12| TVSender.WhiteBalanceMinolta.send_normal_com |179  set TV = NORMAL
