09:04:08:375 |Debug| thread 3| TVSender.WhiteBalanceMinolta.ReadSaveDataNumber |1713  TempData: |0,132,94,129| SaveDataNumber=0|
09:04:08:375 |Debug| thread 3| TVSender.WhiteBalanceMinolta.ReadSaveDataNumber |1713  TempData: |1,139,107,126| SaveDataNumber=0|
09:04:08:375 |Debug| thread 3| TVSender.WhiteBalanceMinolta.ReadSaveDataNumber |1713  TempData: |2,137,97,112| SaveDataNumber=0|
09:04:08:375 |Debug| thread 3| TVSender.WhiteBalanceMinolta.ReadSaveDataNumber |1713  TempData: |10,131,103,131| SaveDataNumber=1|
09:04:08:375 |Debug| thread 3| TVSender.WhiteBalanceMinolta.ReadSaveDataNumber |1713  TempData: |11,143,111,126| SaveDataNumber=1|
09:04:08:375 |Debug| thread 3| TVSender.WhiteBalanceMinolta.ReadSaveDataNumber |1713  TempData: |12,137,101,112| SaveDataNumber=1|
09:04:08:375 |Debug| thread 3| TVSender.WhiteBalanceMinolta.ReadSaveDataNumber |1713  TempData: |20,131,103,131| SaveDataNumber=2|
09:04:08:375 |Debug| thread 3| TVSender.WhiteBalanceMinolta.ReadSaveDataNumber |1713  TempData: |21,143,103,121| SaveDataNumber=2|
09:04:08:375 |Debug| thread 3| TVSender.WhiteBalanceMinolta.ReadSaveDataNumber |1713  TempData: |22,137,101,112| SaveDataNumber=2|
09:04:08:375 |Debug| thread 3| TVSender.WhiteBalanceMinolta.ReadSaveDataNumber |1713  TempData: |30,131,103,131| SaveDataNumber=3|
09:04:08:375 |Debug| thread 3| TVSender.WhiteBalanceMinolta.ReadSaveDataNumber |1713  TempData: |31,143,103,121| SaveDataNumber=3|
09:04:08:375 |Debug| thread 3| TVSender.WhiteBalanceMinolta.ReadSaveDataNumber |1713  TempData: |32,137,101,112| SaveDataNumber=3|
09:04:08:375 |Debug| thread 3| TVSender.WhiteBalanceMinolta.ReadSaveDataNumber |1713  TempData: |40,131,103,131| SaveDataNumber=4|
09:04:08:375 |Debug| thread 3| TVSender.WhiteBalanceMinolta.ReadSaveDataNumber |1713  TempData: |41,143,108,121| SaveDataNumber=4|
09:04:08:375 |Debug| thread 3| TVSender.WhiteBalanceMinolta.ReadSaveDataNumber |1713  TempData: |42,137,104,112| SaveDataNumber=4|
09:04:08:375 |Debug| thread 3| TVSender.WhiteBalanceMinolta.ReadSaveDataNumber |1713  TempData: |50,131,103,129| SaveDataNumber=5|
09:04:08:375 |Debug| thread 3| TVSender.WhiteBalanceMinolta.ReadSaveDataNumber |1713  TempData: |51,143,113,121| SaveDataNumber=5|
09:04:08:375 |Debug| thread 3| TVSender.WhiteBalanceMinolta.ReadSaveDataNumber |1713  TempData: |52,137,104,110| SaveDataNumber=5|
09:04:08:375 |Debug| thread 3| TVSender.WhiteBalanceMinolta.ReadSaveDataNumber |1713  TempData: |60,131,103,129| SaveDataNumber=6|
09:04:08:375 |Debug| thread 3| TVSender.WhiteBalanceMinolta.ReadSaveDataNumber |1713  TempData: |61,143,113,121| SaveDataNumber=6|
09:04:08:375 |Debug| thread 3| TVSender.WhiteBalanceMinolta.ReadSaveDataNumber |1713  TempData: |62,137,104,110| SaveDataNumber=6|
09:04:08:375 |Debug| thread 3| TVSender.WhiteBalanceMinolta.ReadSaveDataNumber |1713  TempData: |70,131,103,129| SaveDataNumber=7|
09:04:08:375 |Debug| thread 3| TVSender.WhiteBalanceMinolta.ReadSaveDataNumber |1713  TempData: |71,143,103,117| SaveDataNumber=7|
09:04:08:375 |Debug| thread 3| TVSender.WhiteBalanceMinolta.ReadSaveDataNumber |1713  TempData: |72,137,104,110| SaveDataNumber=7|
09:04:08:375 |Debug| thread 3| TVSender.WhiteBalanceMinolta.ReadSaveDataNumber |1713  TempData: |80,131,103,129| SaveDataNumber=8|
09:04:08:375 |Debug| thread 3| TVSender.WhiteBalanceMinolta.ReadSaveDataNumber |1713  TempData: |81,147,113,124| SaveDataNumber=8|
09:04:08:375 |Debug| thread 3| TVSender.WhiteBalanceMinolta.ReadSaveDataNumber |1713  TempData: |82,137,104,110| SaveDataNumber=8|
09:04:08:375 |Debug| thread 3| TVSender.WhiteBalanceMinolta.ReadSaveDataNumber |1713  TempData: |90,131,103,129| SaveDataNumber=9|
09:04:08:375 |Debug| thread 3| TVSender.WhiteBalanceMinolta.ReadSaveDataNumber |1713  TempData: |91,147,113,126| SaveDataNumber=9|
09:04:08:375 |Debug| thread 3| TVSender.WhiteBalanceMinolta.ReadSaveDataNumber |1713  TempData: |92,137,104,110| SaveDataNumber=9|
09:04:08:375 |Debug| thread 3| TVSender.WhiteBalanceMinolta.ReadSaveDataNumber |1713  TempData: |100,131,103,129| SaveDataNumber=10|
09:04:08:375 |Debug| thread 3| TVSender.WhiteBalanceMinolta.ReadSaveDataNumber |1713  TempData: |101,147,105,121| SaveDataNumber=10|
09:04:08:375 |Debug| thread 3| TVSender.WhiteBalanceMinolta.ReadSaveDataNumber |1713  TempData: |102,137,104,110| SaveDataNumber=10|
09:04:08:375 |Debug| thread 3| TVSender.WhiteBalanceMinolta.ReadReservedDataNumber |1697  ReserveTempData: |0,128,128,128| ReservedSaves=0|
09:04:08:375 |Debug| thread 3| TVSender.WhiteBalanceMinolta.ReadReservedDataNumber |1697  ReserveTempData: |1,128,128,128| ReservedSaves=0|
09:04:08:375 |Debug| thread 3| TVSender.WhiteBalanceMinolta.ReadReservedDataNumber |1697  ReserveTempData: |2,128,128,128| ReservedSaves=0|
09:04:08:375 |Debug| thread 3| TVSender.WhiteBalanceMinolta.ReadReservedDataNumber |1697  ReserveTempData: |10,131,103,129| ReservedSaves=1|
09:04:08:375 |Debug| thread 3| TVSender.WhiteBalanceMinolta.ReadReservedDataNumber |1697  ReserveTempData: |11,147,105,121| ReservedSaves=1|
09:04:08:390 |Debug| thread 3| TVSender.WhiteBalanceMinolta.ReadReservedDataNumber |1697  ReserveTempData: |12,137,104,110| ReservedSaves=1|
09:04:08:390 |Debug| thread 3| TVSender.WhiteBalanceMinolta.ReadReservedDataNumber |1697  ReserveTempData: |20,131,103,127| ReservedSaves=2|
09:04:08:390 |Debug| thread 3| TVSender.WhiteBalanceMinolta.ReadReservedDataNumber |1697  ReserveTempData: |21,144,108,119| ReservedSaves=2|
09:04:08:390 |Debug| thread 3| TVSender.WhiteBalanceMinolta.ReadReservedDataNumber |1697  ReserveTempData: |22,137,106,108| ReservedSaves=2|
09:04:08:390 |Debug| thread 3| TVSender.WhiteBalanceMinolta.ReadReservedDataNumber |1697  ReserveTempData: |30,131,103,129| ReservedSaves=3|
09:04:08:390 |Debug| thread 3| TVSender.WhiteBalanceMinolta.ReadReservedDataNumber |1697  ReserveTempData: |31,144,108,121| ReservedSaves=3|
09:04:08:390 |Debug| thread 3| TVSender.WhiteBalanceMinolta.ReadReservedDataNumber |1697  ReserveTempData: |32,137,103,110| ReservedSaves=3|
09:04:08:390 |Debug| thread 3| TVSender.WhiteBalanceMinolta.ReadReservedDataNumber |1697  ReserveTempData: |40,131,103,129| ReservedSaves=4|
09:04:08:390 |Debug| thread 3| TVSender.WhiteBalanceMinolta.ReadReservedDataNumber |1697  ReserveTempData: |41,144,114,125| ReservedSaves=4|
09:04:08:390 |Debug| thread 3| TVSender.WhiteBalanceMinolta.ReadReservedDataNumber |1697  ReserveTempData: |42,137,103,110| ReservedSaves=4|
09:04:09:137 |Debug| thread 3| TVSender.WhiteBalanceMinolta.Start |2266  START Panasonic TX-32DR300ZZ; sn=118589P0101897;
09:04:11:118 |Debug| thread 3| TVSender.WhiteBalanceMinolta.send_normal_com |181  set TV = COOL
09:04:11:665 |Debug| thread 3| TVSender.WhiteBalanceMinolta.Measure_CA |1540  before=2882,591,3194,25,236,8495
09:04:11:665 |Debug| thread 3| TVSender.WhiteBalanceMinolta.send_normal_com |181  set TV = NORMAL
09:04:12:148 |Debug| thread 3| TVSender.WhiteBalanceMinolta.Measure_CA |1540  before=2955,497,3459,987,268,9999
09:04:12:148 |Debug| thread 3| TVSender.WhiteBalanceMinolta.send_normal_com |181  set TV = WARM
09:04:12:617 |Debug| thread 3| TVSender.WhiteBalanceMinolta.Measure_CA |1540  before=3103,716,3522,186,230,2663
09:04:12:617 |Debug| thread 3| TVSender.WhiteBalanceMinolta.send_normal_com |181  set TV = NORMAL
09:04:14:078 |Debug| thread 3| TVSender.WhiteBalanceMinolta.OnTimerEvent |634  Max Lv=323,3
09:04:14:172 |Debug| thread 3| TVSender.WhiteBalanceMinolta.send_normal_com |181  set TV = COOL
09:04:15:419 |Debug| thread 3| TVSender.WhiteBalanceMinolta.send_normal_com |181  set TV = COOL
09:04:15:497 |Debug| thread 3| TVSender.WhiteBalanceMinolta.send_normal_com |175  set TV RGB: 131, 103, 129
09:04:16:039 |Debug| thread 3| TVSender.WhiteBalanceMinolta.OnTimerEvent |1005  final cool=2882,53,3193,617,236,7122
09:04:16:117 |Debug| thread 3| TVSender.WhiteBalanceMinolta.send_normal_com |181  set TV = NORMAL
09:04:16:195 |Debug| thread 3| TVSender.WhiteBalanceMinolta.send_normal_com |175  set TV RGB: 144, 108, 121
09:04:16:722 |Debug| thread 3| TVSender.WhiteBalanceMinolta.send_normal_com |175  set TV RGB: 144, 108, 121
09:04:17:285 |Debug| thread 3| TVSender.WhiteBalanceMinolta.send_normal_com |175  set TV RGB: 144, 113, 121
09:04:17:827 |Debug| thread 3| TVSender.WhiteBalanceMinolta.send_normal_com |175  set TV RGB: 144, 113, 121
09:04:18:373 |Debug| thread 3| TVSender.WhiteBalanceMinolta.send_normal_com |175  set TV RGB: 144, 113, 124
09:04:18:917 |Debug| thread 3| TVSender.WhiteBalanceMinolta.send_normal_com |175  set TV RGB: 144, 113, 126
09:04:19:464 |Debug| thread 3| TVSender.WhiteBalanceMinolta.send_normal_com |175  set TV RGB: 144, 113, 126
09:04:20:024 |Debug| thread 3| TVSender.WhiteBalanceMinolta.send_normal_com |175  set TV RGB: 148, 113, 126
09:04:20:555 |Debug| thread 3| TVSender.WhiteBalanceMinolta.send_normal_com |175  set TV RGB: 152, 113, 126
09:04:21:113 |Debug| thread 3| TVSender.WhiteBalanceMinolta.send_normal_com |175  set TV RGB: 156, 113, 126
09:04:21:660 |Debug| thread 3| TVSender.WhiteBalanceMinolta.send_normal_com |175  set TV RGB: 160, 113, 126
09:04:22:842 |Debug| thread 3| TVSender.WhiteBalanceMinolta.send_normal_com |175  set TV RGB: 160, 113, 126
09:04:23:467 |Debug| thread 3| TVSender.WhiteBalanceMinolta.send_normal_com |181  set TV = NORMAL
09:04:23:546 |Debug| thread 3| TVSender.WhiteBalanceMinolta.send_normal_com |175  set TV RGB: 144, 108, 121
09:04:24:089 |Debug| thread 3| TVSender.WhiteBalanceMinolta.OnTimerEvent |1051  final normal=2994,651,3415,653,248,3557
09:04:24:167 |Debug| thread 3| TVSender.WhiteBalanceMinolta.send_normal_com |181  set TV = WARM
09:04:24:245 |Debug| thread 3| TVSender.WhiteBalanceMinolta.send_normal_com |175  set TV RGB: 137, 103, 110
09:04:24:772 |Debug| thread 3| TVSender.WhiteBalanceMinolta.OnTimerEvent |1103  final warm=3102,21,3519,101,230,1261
09:04:25:194 |Debug| thread 3| TVSender.WhiteBalanceMinolta.send_normal_com |181  set TV = NORMAL
